-1 1606235811.413788 00000000.ppm [rgb]
-1 1606235811.609447 00000001.ppm [rgb]
-1 1606235811.809482 00000002.ppm [rgb]
-1 1606235812.010279 00000003.ppm [rgb]
-1 1606235812.210787 00000004.ppm [rgb]
-1 1606235812.411172 00000005.ppm [rgb]
-1 1606235812.612895 00000006.ppm [rgb]
-1 1606235812.811641 00000007.ppm [rgb]
-1 1606235813.013692 00000008.ppm [rgb]
-1 1606235813.213994 00000009.ppm [rgb]
-1 1606235813.413230 00000010.ppm [rgb]
-1 1606235813.614959 00000011.ppm [rgb]
-1 1606235813.814405 00000012.ppm [rgb]
-1 1606235814.014617 00000013.ppm [rgb]
-1 1606235814.215503 00000014.ppm [rgb]
-1 1606235814.415716 00000015.ppm [rgb]
-1 1606235814.616032 00000016.ppm [rgb]
-1 1606235814.815549 00000017.ppm [rgb]
-1 1606235815.015629 00000018.ppm [rgb]
-1 1606235815.216622 00000019.ppm [rgb]
-1 1606235815.416468 00000020.ppm [rgb]
-1 1606235815.616542 00000021.ppm [rgb]
-1 1606235815.816269 00000022.ppm [rgb]
-1 1606235816.017321 00000023.ppm [rgb]
-1 1606235816.217300 00000024.ppm [rgb]
-1 1606235816.417134 00000025.ppm [rgb]
-1 1606235816.617419 00000026.ppm [rgb]
-1 1606235816.818588 00000027.ppm [rgb]
-1 1606235817.018274 00000028.ppm [rgb]
-1 1606235817.218013 00000029.ppm [rgb]
-1 1606235817.419180 00000030.ppm [rgb]
-1 1606235817.621229 00000031.ppm [rgb]
-1 1606235817.820394 00000032.ppm [rgb]
-1 1606235818.020205 00000033.ppm [rgb]
-1 1606235818.221747 00000034.ppm [rgb]
-1 1606235818.422125 00000035.ppm [rgb]
-1 1606235818.621653 00000036.ppm [rgb]
-1 1606235818.823266 00000037.ppm [rgb]
-1 1606235819.023632 00000038.ppm [rgb]
-1 1606235819.223809 00000039.ppm [rgb]
-1 1606235819.423106 00000040.ppm [rgb]
-1 1606235819.625324 00000041.ppm [rgb]
-1 1606235819.827147 00000042.ppm [rgb]
-1 1606235820.026066 00000043.ppm [rgb]
-1 1606235820.226238 00000044.ppm [rgb]
-1 1606235820.427005 00000045.ppm [rgb]
-1 1606235820.629002 00000046.ppm [rgb]
-1 1606235820.828032 00000047.ppm [rgb]
-1 1606235821.028421 00000048.ppm [rgb]
-1 1606235821.230729 00000049.ppm [rgb]
-1 1606235821.430764 00000050.ppm [rgb]
-1 1606235821.629571 00000051.ppm [rgb]
-1 1606235821.855694 00000052.ppm [rgb]
-1 1606235822.029980 00000053.ppm [rgb]
-1 1606235822.230767 00000054.ppm [rgb]
-1 1606235822.430342 00000055.ppm [rgb]
-1 1606235822.632041 00000056.ppm [rgb]
-1 1606235822.833561 00000057.ppm [rgb]
-1 1606235823.032279 00000058.ppm [rgb]
-1 1606235823.233039 00000059.ppm [rgb]
-1 1606235823.434586 00000060.ppm [rgb]
-1 1606235823.637717 00000061.ppm [rgb]
-1 1606235823.832628 00000062.ppm [rgb]
-1 1606235824.033328 00000063.ppm [rgb]
-1 1606235824.234279 00000064.ppm [rgb]
-1 1606235824.435253 00000065.ppm [rgb]
-1 1606235824.636184 00000066.ppm [rgb]
-1 1606235824.840700 00000067.ppm [rgb]
-1 1606235825.044353 00000068.ppm [rgb]
-1 1606235825.235865 00000069.ppm [rgb]
-1 1606235825.435534 00000070.ppm [rgb]
-1 1606235825.635988 00000071.ppm [rgb]
-1 1606235825.837262 00000072.ppm [rgb]
-1 1606235826.037574 00000073.ppm [rgb]
-1 1606235826.239222 00000074.ppm [rgb]
-1 1606235826.438023 00000075.ppm [rgb]
-1 1606235826.638743 00000076.ppm [rgb]
-1 1606235826.837634 00000077.ppm [rgb]
-1 1606235827.039160 00000078.ppm [rgb]
-1 1606235827.239798 00000079.ppm [rgb]
-1 1606235827.442298 00000080.ppm [rgb]
-1 1606235827.641032 00000081.ppm [rgb]
-1 1606235827.840576 00000082.ppm [rgb]
-1 1606235828.043595 00000083.ppm [rgb]
-1 1606235828.240709 00000084.ppm [rgb]
-1 1606235828.440734 00000085.ppm [rgb]
-1 1606235828.641473 00000086.ppm [rgb]
-1 1606235828.841963 00000087.ppm [rgb]
-1 1606235829.041465 00000088.ppm [rgb]
-1 1606235829.242052 00000089.ppm [rgb]
-1 1606235829.442586 00000090.ppm [rgb]
-1 1606235829.642248 00000091.ppm [rgb]
-1 1606235829.843436 00000092.ppm [rgb]
-1 1606235830.042980 00000093.ppm [rgb]
-1 1606235830.242719 00000094.ppm [rgb]
-1 1606235830.444199 00000095.ppm [rgb]
-1 1606235830.644209 00000096.ppm [rgb]
-1 1606235830.846246 00000097.ppm [rgb]
-1 1606235831.044284 00000098.ppm [rgb]
-1 1606235831.245002 00000099.ppm [rgb]
-1 1606235831.444547 00000100.ppm [rgb]
-1 1606235831.645427 00000101.ppm [rgb]
-1 1606235831.846819 00000102.ppm [rgb]
-1 1606235832.046760 00000103.ppm [rgb]
-1 1606235832.246547 00000104.ppm [rgb]
-1 1606235832.447129 00000105.ppm [rgb]
-1 1606235832.647146 00000106.ppm [rgb]
-1 1606235832.847754 00000107.ppm [rgb]
-1 1606235833.048793 00000108.ppm [rgb]
-1 1606235833.248441 00000109.ppm [rgb]
-1 1606235833.449584 00000110.ppm [rgb]
-1 1606235833.649841 00000111.ppm [rgb]
-1 1606235833.848962 00000112.ppm [rgb]
-1 1606235834.049691 00000113.ppm [rgb]
-1 1606235834.250734 00000114.ppm [rgb]
-1 1606235834.449646 00000115.ppm [rgb]
-1 1606235834.652322 00000116.ppm [rgb]
-1 1606235834.850934 00000117.ppm [rgb]
-1 1606235835.050556 00000118.ppm [rgb]
-1 1606235835.252856 00000119.ppm [rgb]
-1 1606235835.452806 00000120.ppm [rgb]
-1 1606235835.653324 00000121.ppm [rgb]
-1 1606235835.853372 00000122.ppm [rgb]
-1 1606235836.054347 00000123.ppm [rgb]
-1 1606235836.254287 00000124.ppm [rgb]
-1 1606235836.454018 00000125.ppm [rgb]
-1 1606235836.654976 00000126.ppm [rgb]
-1 1606235836.855612 00000127.ppm [rgb]
-1 1606235837.056039 00000128.ppm [rgb]
-1 1606235837.255644 00000129.ppm [rgb]
-1 1606235837.456331 00000130.ppm [rgb]
-1 1606235837.655978 00000131.ppm [rgb]
-1 1606235837.856168 00000132.ppm [rgb]
-1 1606235838.058192 00000133.ppm [rgb]
-1 1606235838.257721 00000134.ppm [rgb]
-1 1606235838.458885 00000135.ppm [rgb]
-1 1606235838.658539 00000136.ppm [rgb]
-1 1606235838.858541 00000137.ppm [rgb]
-1 1606235839.059245 00000138.ppm [rgb]
-1 1606235839.260686 00000139.ppm [rgb]
-1 1606235839.465176 00000140.ppm [rgb]
-1 1606235839.664353 00000141.ppm [rgb]
-1 1606235839.864563 00000142.ppm [rgb]
-1 1606235840.065371 00000143.ppm [rgb]
-1 1606235840.265284 00000144.ppm [rgb]
-1 1606235840.465430 00000145.ppm [rgb]
-1 1606235840.665145 00000146.ppm [rgb]
-1 1606235840.865307 00000147.ppm [rgb]
-1 1606235841.065236 00000148.ppm [rgb]
-1 1606235841.266819 00000149.ppm [rgb]
-1 1606235841.466527 00000150.ppm [rgb]
-1 1606235841.666252 00000151.ppm [rgb]
-1 1606235841.867844 00000152.ppm [rgb]
-1 1606235842.067451 00000153.ppm [rgb]
-1 1606235842.267740 00000154.ppm [rgb]
-1 1606235842.466627 00000155.ppm [rgb]
-1 1606235842.668226 00000156.ppm [rgb]
-1 1606235842.868628 00000157.ppm [rgb]
-1 1606235843.067663 00000158.ppm [rgb]
-1 1606235843.269986 00000159.ppm [rgb]
-1 1606235843.470305 00000160.ppm [rgb]
-1 1606235843.669759 00000161.ppm [rgb]
-1 1606235843.869905 00000162.ppm [rgb]
-1 1606235844.069910 00000163.ppm [rgb]
-1 1606235844.271255 00000164.ppm [rgb]
-1 1606235844.471015 00000165.ppm [rgb]
-1 1606235844.671076 00000166.ppm [rgb]
-1 1606235844.870515 00000167.ppm [rgb]
-1 1606235845.071813 00000168.ppm [rgb]
-1 1606235845.271256 00000169.ppm [rgb]
-1 1606235845.472590 00000170.ppm [rgb]
-1 1606235845.671843 00000171.ppm [rgb]
-1 1606235845.872594 00000172.ppm [rgb]
-1 1606235846.073198 00000173.ppm [rgb]
-1 1606235846.272709 00000174.ppm [rgb]
-1 1606235846.472797 00000175.ppm [rgb]
-1 1606235846.673899 00000176.ppm [rgb]
-1 1606235846.873565 00000177.ppm [rgb]
-1 1606235847.074135 00000178.ppm [rgb]
-1 1606235847.273377 00000179.ppm [rgb]
-1 1606235847.483228 00000180.ppm [rgb]
-1 1606235847.677234 00000181.ppm [rgb]
-1 1606235847.876816 00000182.ppm [rgb]
-1 1606235848.077132 00000183.ppm [rgb]
-1 1606235848.277554 00000184.ppm [rgb]
-1 1606235848.477464 00000185.ppm [rgb]
-1 1606235848.677971 00000186.ppm [rgb]
-1 1606235848.879711 00000187.ppm [rgb]
-1 1606235849.078984 00000188.ppm [rgb]
-1 1606235849.279065 00000189.ppm [rgb]
-1 1606235849.482318 00000190.ppm [rgb]
-1 1606235849.679672 00000191.ppm [rgb]
-1 1606235849.881518 00000192.ppm [rgb]
-1 1606235850.080439 00000193.ppm [rgb]
-1 1606235850.279867 00000194.ppm [rgb]
-1 1606235850.480379 00000195.ppm [rgb]
-1 1606235850.680811 00000196.ppm [rgb]
-1 1606235850.880202 00000197.ppm [rgb]
-1 1606235851.081547 00000198.ppm [rgb]
-1 1606235851.285841 00000199.ppm [rgb]
-1 1606235851.480841 00000200.ppm [rgb]
-1 1606235851.681379 00000201.ppm [rgb]
-1 1606235851.882349 00000202.ppm [rgb]
-1 1606235852.081810 00000203.ppm [rgb]
-1 1606235852.296819 00000204.ppm [rgb]
-1 1606235852.497097 00000205.ppm [rgb]
-1 1606235852.698765 00000206.ppm [rgb]
-1 1606235852.898540 00000207.ppm [rgb]
-1 1606235853.097802 00000208.ppm [rgb]
-1 1606235853.300885 00000209.ppm [rgb]
-1 1606235853.498519 00000210.ppm [rgb]
-1 1606235853.698945 00000211.ppm [rgb]
-1 1606235853.899262 00000212.ppm [rgb]
-1 1606235854.100688 00000213.ppm [rgb]
-1 1606235854.301221 00000214.ppm [rgb]
-1 1606235854.499605 00000215.ppm [rgb]
-1 1606235854.700803 00000216.ppm [rgb]
-1 1606235854.901846 00000217.ppm [rgb]
-1 1606235855.102622 00000218.ppm [rgb]
-1 1606235855.303906 00000219.ppm [rgb]
-1 1606235855.502371 00000220.ppm [rgb]
-1 1606235855.703667 00000221.ppm [rgb]
-1 1606235855.903065 00000222.ppm [rgb]
-1 1606235856.103134 00000223.ppm [rgb]
-1 1606235856.304442 00000224.ppm [rgb]
-1 1606235856.504987 00000225.ppm [rgb]
-1 1606235856.706411 00000226.ppm [rgb]
-1 1606235856.905508 00000227.ppm [rgb]
-1 1606235857.104543 00000228.ppm [rgb]
-1 1606235857.305037 00000229.ppm [rgb]
-1 1606235857.506757 00000230.ppm [rgb]
-1 1606235857.706439 00000231.ppm [rgb]
-1 1606235857.907663 00000232.ppm [rgb]
-1 1606235858.106323 00000233.ppm [rgb]
-1 1606235858.305975 00000234.ppm [rgb]
-1 1606235858.506179 00000235.ppm [rgb]
-1 1606235858.707359 00000236.ppm [rgb]
-1 1606235858.907212 00000237.ppm [rgb]
-1 1606235859.108023 00000238.ppm [rgb]
-1 1606235859.307821 00000239.ppm [rgb]
-1 1606235859.509323 00000240.ppm [rgb]
-1 1606235859.708550 00000241.ppm [rgb]
-1 1606235859.908841 00000242.ppm [rgb]
-1 1606235860.111817 00000243.ppm [rgb]
-1 1606235860.312219 00000244.ppm [rgb]
-1 1606235860.510526 00000245.ppm [rgb]
-1 1606235860.710240 00000246.ppm [rgb]
-1 1606235860.911197 00000247.ppm [rgb]
-1 1606235861.110933 00000248.ppm [rgb]
-1 1606235861.310636 00000249.ppm [rgb]
-1 1606235861.515495 00000250.ppm [rgb]
-1 1606235861.714780 00000251.ppm [rgb]
-1 1606235861.914734 00000252.ppm [rgb]
-1 1606235862.116387 00000253.ppm [rgb]
-1 1606235862.319127 00000254.ppm [rgb]
-1 1606235862.515374 00000255.ppm [rgb]
-1 1606235862.717143 00000256.ppm [rgb]
-1 1606235862.917268 00000257.ppm [rgb]
-1 1606235863.119203 00000258.ppm [rgb]
-1 1606235863.319251 00000259.ppm [rgb]
-1 1606235863.519251 00000260.ppm [rgb]
-1 1606235863.718404 00000261.ppm [rgb]
-1 1606235863.919330 00000262.ppm [rgb]
-1 1606235864.120182 00000263.ppm [rgb]
-1 1606235864.319730 00000264.ppm [rgb]
-1 1606235864.519341 00000265.ppm [rgb]
-1 1606235864.719208 00000266.ppm [rgb]
-1 1606235864.921323 00000267.ppm [rgb]
-1 1606235865.121106 00000268.ppm [rgb]
-1 1606235865.321383 00000269.ppm [rgb]
-1 1606235865.520284 00000270.ppm [rgb]
-1 1606235865.721517 00000271.ppm [rgb]
-1 1606235865.921640 00000272.ppm [rgb]
-1 1606235866.120702 00000273.ppm [rgb]
-1 1606235866.321343 00000274.ppm [rgb]
-1 1606235866.521691 00000275.ppm [rgb]
-1 1606235866.722017 00000276.ppm [rgb]
-1 1606235866.923254 00000277.ppm [rgb]
-1 1606235867.122783 00000278.ppm [rgb]
-1 1606235867.324679 00000279.ppm [rgb]
-1 1606235867.525836 00000280.ppm [rgb]
-1 1606235867.726239 00000281.ppm [rgb]
-1 1606235867.925627 00000282.ppm [rgb]
-1 1606235868.125293 00000283.ppm [rgb]
-1 1606235868.327500 00000284.ppm [rgb]
-1 1606235868.526107 00000285.ppm [rgb]
-1 1606235868.727009 00000286.ppm [rgb]
-1 1606235868.925843 00000287.ppm [rgb]
-1 1606235869.126042 00000288.ppm [rgb]
-1 1606235869.327369 00000289.ppm [rgb]
-1 1606235869.526486 00000290.ppm [rgb]
-1 1606235869.727018 00000291.ppm [rgb]
-1 1606235869.927726 00000292.ppm [rgb]
-1 1606235870.127512 00000293.ppm [rgb]
-1 1606235870.327114 00000294.ppm [rgb]
-1 1606235870.527877 00000295.ppm [rgb]
-1 1606235870.728887 00000296.ppm [rgb]
-1 1606235870.928082 00000297.ppm [rgb]
-1 1606235871.130002 00000298.ppm [rgb]
-1 1606235871.329231 00000299.ppm [rgb]
-1 1606235871.528606 00000300.ppm [rgb]
-1 1606235871.730157 00000301.ppm [rgb]
-1 1606235871.930335 00000302.ppm [rgb]
-1 1606235872.130548 00000303.ppm [rgb]
-1 1606235872.330194 00000304.ppm [rgb]
-1 1606235872.530491 00000305.ppm [rgb]
-1 1606235872.732316 00000306.ppm [rgb]
-1 1606235872.934803 00000307.ppm [rgb]
-1 1606235873.133037 00000308.ppm [rgb]
-1 1606235873.332247 00000309.ppm [rgb]
-1 1606235873.532474 00000310.ppm [rgb]
-1 1606235873.733007 00000311.ppm [rgb]
-1 1606235873.932550 00000312.ppm [rgb]
-1 1606235874.133943 00000313.ppm [rgb]
-1 1606235874.333639 00000314.ppm [rgb]
-1 1606235874.533075 00000315.ppm [rgb]
-1 1606235874.735009 00000316.ppm [rgb]
-1 1606235874.936027 00000317.ppm [rgb]
-1 1606235875.136568 00000318.ppm [rgb]
-1 1606235875.335711 00000319.ppm [rgb]
-1 1606235875.535986 00000320.ppm [rgb]
-1 1606235875.736724 00000321.ppm [rgb]
-1 1606235875.937688 00000322.ppm [rgb]
-1 1606235876.138066 00000323.ppm [rgb]
-1 1606235876.337061 00000324.ppm [rgb]
-1 1606235876.537531 00000325.ppm [rgb]
-1 1606235876.740059 00000326.ppm [rgb]
-1 1606235876.937890 00000327.ppm [rgb]
-1 1606235877.138000 00000328.ppm [rgb]
-1 1606235877.338122 00000329.ppm [rgb]
-1 1606235877.538466 00000330.ppm [rgb]
-1 1606235877.739102 00000331.ppm [rgb]
-1 1606235877.939502 00000332.ppm [rgb]
-1 1606235878.139636 00000333.ppm [rgb]
-1 1606235878.339767 00000334.ppm [rgb]
-1 1606235878.539893 00000335.ppm [rgb]
-1 1606235878.740389 00000336.ppm [rgb]
-1 1606235878.940416 00000337.ppm [rgb]
-1 1606235879.140966 00000338.ppm [rgb]
-1 1606235879.341216 00000339.ppm [rgb]
-1 1606235879.544045 00000340.ppm [rgb]
-1 1606235879.741674 00000341.ppm [rgb]
-1 1606235879.942306 00000342.ppm [rgb]
-1 1606235880.142627 00000343.ppm [rgb]
-1 1606235880.344275 00000344.ppm [rgb]
-1 1606235880.545006 00000345.ppm [rgb]
-1 1606235880.745296 00000346.ppm [rgb]
-1 1606235880.945728 00000347.ppm [rgb]
-1 1606235881.150412 00000348.ppm [rgb]
-1 1606235881.351073 00000349.ppm [rgb]
-1 1606235881.551637 00000350.ppm [rgb]
-1 1606235881.751490 00000351.ppm [rgb]
-1 1606235881.951858 00000352.ppm [rgb]
-1 1606235882.152095 00000353.ppm [rgb]
-1 1606235882.351986 00000354.ppm [rgb]
-1 1606235882.555011 00000355.ppm [rgb]
-1 1606235882.752561 00000356.ppm [rgb]
-1 1606235882.953112 00000357.ppm [rgb]
-1 1606235883.152687 00000358.ppm [rgb]
-1 1606235883.353388 00000359.ppm [rgb]
-1 1606235883.560720 00000360.ppm [rgb]
-1 1606235883.761329 00000361.ppm [rgb]
-1 1606235883.961038 00000362.ppm [rgb]
-1 1606235884.161474 00000363.ppm [rgb]
-1 1606235884.361609 00000364.ppm [rgb]
-1 1606235884.562365 00000365.ppm [rgb]
-1 1606235884.762123 00000366.ppm [rgb]
-1 1606235884.963826 00000367.ppm [rgb]
-1 1606235885.162663 00000368.ppm [rgb]
-1 1606235885.364364 00000369.ppm [rgb]
-1 1606235885.565078 00000370.ppm [rgb]
-1 1606235885.764821 00000371.ppm [rgb]
-1 1606235885.964936 00000372.ppm [rgb]
-1 1606235886.165560 00000373.ppm [rgb]
-1 1606235886.364650 00000374.ppm [rgb]
-1 1606235886.565817 00000375.ppm [rgb]
-1 1606235886.767832 00000376.ppm [rgb]
-1 1606235886.967231 00000377.ppm [rgb]
-1 1606235887.168185 00000378.ppm [rgb]
-1 1606235887.368587 00000379.ppm [rgb]
-1 1606235887.567960 00000380.ppm [rgb]
-1 1606235887.768852 00000381.ppm [rgb]
-1 1606235887.969613 00000382.ppm [rgb]
-1 1606235888.168883 00000383.ppm [rgb]
-1 1606235888.368410 00000384.ppm [rgb]
-1 1606235888.569155 00000385.ppm [rgb]
-1 1606235888.770133 00000386.ppm [rgb]
-1 1606235888.969779 00000387.ppm [rgb]
-1 1606235889.171291 00000388.ppm [rgb]
-1 1606235889.370428 00000389.ppm [rgb]
-1 1606235889.571316 00000390.ppm [rgb]
-1 1606235889.771379 00000391.ppm [rgb]
-1 1606235889.971983 00000392.ppm [rgb]
-1 1606235890.171528 00000393.ppm [rgb]
-1 1606235890.372519 00000394.ppm [rgb]
-1 1606235890.572483 00000395.ppm [rgb]
-1 1606235890.771831 00000396.ppm [rgb]
-1 1606235890.972632 00000397.ppm [rgb]
-1 1606235891.172996 00000398.ppm [rgb]
-1 1606235891.373996 00000399.ppm [rgb]
-1 1606235891.572795 00000400.ppm [rgb]
-1 1606235891.772643 00000401.ppm [rgb]
-1 1606235891.973985 00000402.ppm [rgb]
-1 1606235892.173268 00000403.ppm [rgb]
-1 1606235892.373255 00000404.ppm [rgb]
-1 1606235892.572867 00000405.ppm [rgb]
-1 1606235892.774445 00000406.ppm [rgb]
-1 1606235892.974672 00000407.ppm [rgb]
-1 1606235893.174026 00000408.ppm [rgb]
-1 1606235893.374650 00000409.ppm [rgb]
-1 1606235893.574774 00000410.ppm [rgb]
-1 1606235893.775321 00000411.ppm [rgb]
-1 1606235893.974058 00000412.ppm [rgb]
-1 1606235894.174637 00000413.ppm [rgb]
-1 1606235894.378865 00000414.ppm [rgb]
-1 1606235894.578882 00000415.ppm [rgb]
-1 1606235894.779402 00000416.ppm [rgb]
-1 1606235894.979167 00000417.ppm [rgb]
-1 1606235895.178932 00000418.ppm [rgb]
-1 1606235895.379529 00000419.ppm [rgb]
-1 1606235895.581890 00000420.ppm [rgb]
-1 1606235895.780378 00000421.ppm [rgb]
-1 1606235895.981022 00000422.ppm [rgb]
-1 1606235896.184757 00000423.ppm [rgb]
-1 1606235896.383027 00000424.ppm [rgb]
-1 1606235896.583028 00000425.ppm [rgb]
-1 1606235896.784578 00000426.ppm [rgb]
-1 1606235896.985023 00000427.ppm [rgb]
-1 1606235897.186163 00000428.ppm [rgb]
-1 1606235897.386628 00000429.ppm [rgb]
-1 1606235897.586532 00000430.ppm [rgb]
-1 1606235897.786380 00000431.ppm [rgb]
-1 1606235897.986103 00000432.ppm [rgb]
-1 1606235898.186153 00000433.ppm [rgb]
-1 1606235898.387516 00000434.ppm [rgb]
-1 1606235898.587317 00000435.ppm [rgb]
-1 1606235898.795201 00000436.ppm [rgb]
-1 1606235898.995805 00000437.ppm [rgb]
-1 1606235899.196505 00000438.ppm [rgb]
-1 1606235899.395906 00000439.ppm [rgb]
-1 1606235899.596844 00000440.ppm [rgb]
-1 1606235899.796612 00000441.ppm [rgb]
-1 1606235899.996490 00000442.ppm [rgb]
-1 1606235900.197774 00000443.ppm [rgb]
-1 1606235900.399078 00000444.ppm [rgb]
-1 1606235900.598925 00000445.ppm [rgb]
-1 1606235900.798420 00000446.ppm [rgb]
-1 1606235900.998474 00000447.ppm [rgb]
-1 1606235901.197629 00000448.ppm [rgb]
-1 1606235901.398322 00000449.ppm [rgb]
-1 1606235901.599207 00000450.ppm [rgb]
-1 1606235901.799105 00000451.ppm [rgb]
-1 1606235901.998256 00000452.ppm [rgb]
-1 1606235902.198282 00000453.ppm [rgb]
-1 1606235902.399341 00000454.ppm [rgb]
-1 1606235902.599642 00000455.ppm [rgb]
-1 1606235902.799425 00000456.ppm [rgb]
-1 1606235903.000444 00000457.ppm [rgb]
-1 1606235903.200761 00000458.ppm [rgb]
-1 1606235903.400658 00000459.ppm [rgb]
-1 1606235903.600287 00000460.ppm [rgb]
-1 1606235903.801728 00000461.ppm [rgb]
-1 1606235904.002124 00000462.ppm [rgb]
-1 1606235904.201900 00000463.ppm [rgb]
-1 1606235904.401807 00000464.ppm [rgb]
-1 1606235904.601897 00000465.ppm [rgb]
-1 1606235904.802921 00000466.ppm [rgb]
-1 1606235905.003737 00000467.ppm [rgb]
-1 1606235905.202919 00000468.ppm [rgb]
-1 1606235905.403282 00000469.ppm [rgb]
-1 1606235905.603647 00000470.ppm [rgb]
-1 1606235905.803652 00000471.ppm [rgb]
-1 1606235906.003653 00000472.ppm [rgb]
-1 1606235906.205379 00000473.ppm [rgb]
-1 1606235906.404543 00000474.ppm [rgb]
-1 1606235906.605750 00000475.ppm [rgb]
-1 1606235906.805858 00000476.ppm [rgb]
-1 1606235907.005343 00000477.ppm [rgb]
-1 1606235907.205076 00000478.ppm [rgb]
-1 1606235907.406200 00000479.ppm [rgb]
-1 1606235907.605274 00000480.ppm [rgb]
-1 1606235907.806172 00000481.ppm [rgb]
-1 1606235908.006995 00000482.ppm [rgb]
-1 1606235908.206855 00000483.ppm [rgb]
-1 1606235908.409332 00000484.ppm [rgb]
-1 1606235908.607028 00000485.ppm [rgb]
-1 1606235908.807535 00000486.ppm [rgb]
-1 1606235909.007243 00000487.ppm [rgb]
-1 1606235909.208032 00000488.ppm [rgb]
-1 1606235909.419125 00000489.ppm [rgb]
-1 1606235909.609488 00000490.ppm [rgb]
-1 1606235909.812087 00000491.ppm [rgb]
-1 1606235910.008612 00000492.ppm [rgb]
-1 1606235910.210086 00000493.ppm [rgb]
-1 1606235910.409726 00000494.ppm [rgb]
-1 1606235910.609680 00000495.ppm [rgb]
-1 1606235910.810490 00000496.ppm [rgb]
-1 1606235911.010684 00000497.ppm [rgb]
-1 1606235911.211777 00000498.ppm [rgb]
-1 1606235911.410620 00000499.ppm [rgb]
-1 1606235911.611295 00000500.ppm [rgb]
-1 1606235911.815921 00000501.ppm [rgb]
-1 1606235912.015932 00000502.ppm [rgb]
-1 1606235912.215802 00000503.ppm [rgb]
-1 1606235912.416283 00000504.ppm [rgb]
-1 1606235912.617646 00000505.ppm [rgb]
-1 1606235912.818581 00000506.ppm [rgb]
-1 1606235913.018243 00000507.ppm [rgb]
-1 1606235913.217533 00000508.ppm [rgb]
-1 1606235913.418485 00000509.ppm [rgb]
-1 1606235913.619360 00000510.ppm [rgb]
-1 1606235913.818805 00000511.ppm [rgb]
-1 1606235914.018543 00000512.ppm [rgb]
-1 1606235914.218742 00000513.ppm [rgb]
-1 1606235914.420887 00000514.ppm [rgb]
-1 1606235914.620260 00000515.ppm [rgb]
-1 1606235914.819864 00000516.ppm [rgb]
-1 1606235915.019489 00000517.ppm [rgb]
-1 1606235915.231766 00000518.ppm [rgb]
-1 1606235915.420599 00000519.ppm [rgb]
-1 1606235915.621271 00000520.ppm [rgb]
-1 1606235915.822199 00000521.ppm [rgb]
-1 1606235916.022154 00000522.ppm [rgb]
-1 1606235916.221708 00000523.ppm [rgb]
-1 1606235916.422661 00000524.ppm [rgb]
-1 1606235916.624709 00000525.ppm [rgb]
-1 1606235916.824460 00000526.ppm [rgb]
-1 1606235917.024317 00000527.ppm [rgb]
-1 1606235917.224541 00000528.ppm [rgb]
-1 1606235917.425898 00000529.ppm [rgb]
-1 1606235917.626057 00000530.ppm [rgb]
-1 1606235917.826006 00000531.ppm [rgb]
-1 1606235918.025576 00000532.ppm [rgb]
-1 1606235918.227663 00000533.ppm [rgb]
-1 1606235918.427865 00000534.ppm [rgb]
-1 1606235918.632618 00000535.ppm [rgb]
-1 1606235918.828528 00000536.ppm [rgb]
-1 1606235919.029883 00000537.ppm [rgb]
-1 1606235919.230663 00000538.ppm [rgb]
-1 1606235919.430115 00000539.ppm [rgb]
-1 1606235919.635035 00000540.ppm [rgb]
-1 1606235919.837177 00000541.ppm [rgb]
-1 1606235920.037235 00000542.ppm [rgb]
-1 1606235920.237646 00000543.ppm [rgb]
-1 1606235920.437155 00000544.ppm [rgb]
-1 1606235920.638041 00000545.ppm [rgb]
-1 1606235920.837258 00000546.ppm [rgb]
-1 1606235921.038619 00000547.ppm [rgb]
-1 1606235921.239113 00000548.ppm [rgb]
-1 1606235921.440446 00000549.ppm [rgb]
-1 1606235921.639787 00000550.ppm [rgb]
-1 1606235921.839992 00000551.ppm [rgb]
-1 1606235922.040200 00000552.ppm [rgb]
-1 1606235922.240168 00000553.ppm [rgb]
-1 1606235922.440712 00000554.ppm [rgb]
-1 1606235922.643101 00000555.ppm [rgb]
-1 1606235922.841248 00000556.ppm [rgb]
-1 1606235923.041825 00000557.ppm [rgb]
-1 1606235923.241261 00000558.ppm [rgb]
-1 1606235923.442962 00000559.ppm [rgb]
-1 1606235923.643431 00000560.ppm [rgb]
-1 1606235923.843390 00000561.ppm [rgb]
-1 1606235924.043583 00000562.ppm [rgb]
-1 1606235924.243836 00000563.ppm [rgb]
-1 1606235924.444382 00000564.ppm [rgb]
-1 1606235924.646253 00000565.ppm [rgb]
-1 1606235924.843975 00000566.ppm [rgb]
-1 1606235925.044152 00000567.ppm [rgb]
-1 1606235925.245437 00000568.ppm [rgb]
-1 1606235925.445898 00000569.ppm [rgb]
-1 1606235925.646622 00000570.ppm [rgb]
-1 1606235925.845593 00000571.ppm [rgb]
-1 1606235926.046760 00000572.ppm [rgb]
-1 1606235926.246711 00000573.ppm [rgb]
-1 1606235926.446037 00000574.ppm [rgb]
-1 1606235926.647222 00000575.ppm [rgb]
-1 1606235926.847434 00000576.ppm [rgb]
-1 1606235927.047245 00000577.ppm [rgb]
-1 1606235927.246770 00000578.ppm [rgb]
-1 1606235927.446993 00000579.ppm [rgb]
-1 1606235927.647645 00000580.ppm [rgb]
-1 1606235927.848049 00000581.ppm [rgb]
-1 1606235928.047963 00000582.ppm [rgb]
-1 1606235928.247734 00000583.ppm [rgb]
-1 1606235928.449395 00000584.ppm [rgb]
-1 1606235928.649733 00000585.ppm [rgb]
-1 1606235928.849704 00000586.ppm [rgb]
-1 1606235929.049359 00000587.ppm [rgb]
-1 1606235929.249395 00000588.ppm [rgb]
-1 1606235929.450574 00000589.ppm [rgb]
-1 1606235929.650351 00000590.ppm [rgb]
-1 1606235929.851449 00000591.ppm [rgb]
-1 1606235930.051796 00000592.ppm [rgb]
-1 1606235930.251306 00000593.ppm [rgb]
-1 1606235930.452619 00000594.ppm [rgb]
-1 1606235930.652676 00000595.ppm [rgb]
-1 1606235930.853181 00000596.ppm [rgb]
-1 1606235931.052905 00000597.ppm [rgb]
-1 1606235931.252736 00000598.ppm [rgb]
-1 1606235931.453554 00000599.ppm [rgb]
-1 1606235931.653491 00000600.ppm [rgb]
-1 1606235931.853074 00000601.ppm [rgb]
-1 1606235932.053965 00000602.ppm [rgb]
-1 1606235932.258215 00000603.ppm [rgb]
-1 1606235932.458090 00000604.ppm [rgb]
-1 1606235932.658631 00000605.ppm [rgb]
-1 1606235932.859183 00000606.ppm [rgb]
-1 1606235933.059379 00000607.ppm [rgb]
-1 1606235933.260869 00000608.ppm [rgb]
-1 1606235933.461917 00000609.ppm [rgb]
-1 1606235933.661891 00000610.ppm [rgb]
-1 1606235933.861290 00000611.ppm [rgb]
-1 1606235934.061661 00000612.ppm [rgb]
-1 1606235934.262258 00000613.ppm [rgb]
-1 1606235934.461613 00000614.ppm [rgb]
-1 1606235934.662241 00000615.ppm [rgb]
-1 1606235934.863728 00000616.ppm [rgb]
-1 1606235935.064226 00000617.ppm [rgb]
-1 1606235935.263402 00000618.ppm [rgb]
-1 1606235935.465030 00000619.ppm [rgb]
-1 1606235935.668438 00000620.ppm [rgb]
-1 1606235935.869159 00000621.ppm [rgb]
-1 1606235936.067909 00000622.ppm [rgb]
-1 1606235936.271311 00000623.ppm [rgb]
-1 1606235936.472652 00000624.ppm [rgb]
-1 1606235936.672441 00000625.ppm [rgb]
-1 1606235936.872103 00000626.ppm [rgb]
-1 1606235937.072028 00000627.ppm [rgb]
-1 1606235937.273140 00000628.ppm [rgb]
-1 1606235937.472616 00000629.ppm [rgb]
-1 1606235937.677888 00000630.ppm [rgb]
-1 1606235937.877539 00000631.ppm [rgb]
-1 1606235938.079057 00000632.ppm [rgb]
-1 1606235938.279073 00000633.ppm [rgb]
-1 1606235938.478858 00000634.ppm [rgb]
-1 1606235938.679694 00000635.ppm [rgb]
-1 1606235938.879802 00000636.ppm [rgb]
-1 1606235939.080043 00000637.ppm [rgb]
-1 1606235939.285977 00000638.ppm [rgb]
-1 1606235939.480296 00000639.ppm [rgb]
-1 1606235939.683811 00000640.ppm [rgb]
-1 1606235939.881223 00000641.ppm [rgb]
-1 1606235940.081139 00000642.ppm [rgb]
-1 1606235940.280786 00000643.ppm [rgb]
-1 1606235940.481898 00000644.ppm [rgb]
-1 1606235940.681228 00000645.ppm [rgb]
-1 1606235940.881145 00000646.ppm [rgb]
-1 1606235941.084862 00000647.ppm [rgb]
-1 1606235941.283489 00000648.ppm [rgb]
-1 1606235941.482678 00000649.ppm [rgb]
-1 1606235941.682376 00000650.ppm [rgb]
-1 1606235941.882651 00000651.ppm [rgb]
-1 1606235942.083422 00000652.ppm [rgb]
-1 1606235942.283852 00000653.ppm [rgb]
-1 1606235942.487761 00000654.ppm [rgb]
-1 1606235942.684951 00000655.ppm [rgb]
-1 1606235942.885654 00000656.ppm [rgb]
-1 1606235943.085729 00000657.ppm [rgb]
-1 1606235943.286136 00000658.ppm [rgb]
-1 1606235943.486100 00000659.ppm [rgb]
-1 1606235943.687015 00000660.ppm [rgb]
-1 1606235943.889246 00000661.ppm [rgb]
-1 1606235944.087306 00000662.ppm [rgb]
-1 1606235944.288138 00000663.ppm [rgb]
-1 1606235944.489054 00000664.ppm [rgb]
-1 1606235944.688062 00000665.ppm [rgb]
-1 1606235944.889683 00000666.ppm [rgb]
-1 1606235945.089658 00000667.ppm [rgb]
-1 1606235945.293760 00000668.ppm [rgb]
-1 1606235945.497305 00000669.ppm [rgb]
-1 1606235945.693821 00000670.ppm [rgb]
-1 1606235945.893652 00000671.ppm [rgb]
-1 1606235946.095035 00000672.ppm [rgb]
-1 1606235946.295199 00000673.ppm [rgb]
-1 1606235946.494957 00000674.ppm [rgb]
-1 1606235946.695868 00000675.ppm [rgb]
-1 1606235946.895082 00000676.ppm [rgb]
-1 1606235947.096595 00000677.ppm [rgb]
-1 1606235947.296786 00000678.ppm [rgb]
-1 1606235947.496858 00000679.ppm [rgb]
-1 1606235947.696556 00000680.ppm [rgb]
-1 1606235947.898496 00000681.ppm [rgb]
-1 1606235948.097937 00000682.ppm [rgb]
-1 1606235948.298720 00000683.ppm [rgb]
-1 1606235948.498444 00000684.ppm [rgb]
-1 1606235948.698533 00000685.ppm [rgb]
-1 1606235948.897992 00000686.ppm [rgb]
-1 1606235949.099898 00000687.ppm [rgb]
-1 1606235949.299148 00000688.ppm [rgb]
-1 1606235949.498445 00000689.ppm [rgb]
-1 1606235949.699597 00000690.ppm [rgb]
-1 1606235949.899811 00000691.ppm [rgb]
-1 1606235950.099617 00000692.ppm [rgb]
-1 1606235950.299553 00000693.ppm [rgb]
-1 1606235950.499703 00000694.ppm [rgb]
-1 1606235950.700860 00000695.ppm [rgb]
-1 1606235950.900740 00000696.ppm [rgb]
-1 1606235951.101269 00000697.ppm [rgb]
-1 1606235951.301160 00000698.ppm [rgb]
-1 1606235951.500818 00000699.ppm [rgb]
-1 1606235951.701427 00000700.ppm [rgb]
-1 1606235951.902808 00000701.ppm [rgb]
-1 1606235952.102214 00000702.ppm [rgb]
-1 1606235952.302010 00000703.ppm [rgb]
-1 1606235952.501873 00000704.ppm [rgb]
-1 1606235952.702796 00000705.ppm [rgb]
-1 1606235952.902870 00000706.ppm [rgb]
-1 1606235953.102132 00000707.ppm [rgb]
-1 1606235953.303516 00000708.ppm [rgb]
-1 1606235953.503363 00000709.ppm [rgb]
-1 1606235953.703503 00000710.ppm [rgb]
-1 1606235953.904228 00000711.ppm [rgb]
-1 1606235954.104056 00000712.ppm [rgb]
-1 1606235954.303058 00000713.ppm [rgb]
-1 1606235954.506363 00000714.ppm [rgb]
-1 1606235954.707676 00000715.ppm [rgb]
-1 1606235954.908268 00000716.ppm [rgb]
-1 1606235955.107380 00000717.ppm [rgb]
-1 1606235955.306787 00000718.ppm [rgb]
-1 1606235955.508169 00000719.ppm [rgb]
-1 1606235955.716134 00000720.ppm [rgb]
-1 1606235955.916679 00000721.ppm [rgb]
-1 1606235956.115936 00000722.ppm [rgb]
-1 1606235956.317039 00000723.ppm [rgb]
-1 1606235956.517446 00000724.ppm [rgb]
-1 1606235956.716508 00000725.ppm [rgb]
-1 1606235956.918257 00000726.ppm [rgb]
-1 1606235957.117506 00000727.ppm [rgb]
-1 1606235957.317112 00000728.ppm [rgb]
-1 1606235957.521106 00000729.ppm [rgb]
-1 1606235957.721942 00000730.ppm [rgb]
-1 1606235957.921688 00000731.ppm [rgb]
-1 1606235958.121125 00000732.ppm [rgb]
-1 1606235958.321203 00000733.ppm [rgb]
-1 1606235958.522504 00000734.ppm [rgb]
-1 1606235958.723026 00000735.ppm [rgb]
-1 1606235958.922997 00000736.ppm [rgb]
-1 1606235959.122963 00000737.ppm [rgb]
-1 1606235959.323260 00000738.ppm [rgb]
-1 1606235959.523467 00000739.ppm [rgb]
-1 1606235959.724772 00000740.ppm [rgb]
-1 1606235959.925039 00000741.ppm [rgb]
-1 1606235960.125459 00000742.ppm [rgb]
-1 1606235960.324433 00000743.ppm [rgb]
-1 1606235960.526264 00000744.ppm [rgb]
-1 1606235960.726240 00000745.ppm [rgb]
-1 1606235960.926295 00000746.ppm [rgb]
-1 1606235961.131233 00000747.ppm [rgb]
-1 1606235961.327414 00000748.ppm [rgb]
-1 1606235961.527540 00000749.ppm [rgb]
-1 1606235961.727036 00000750.ppm [rgb]
-1 1606235961.928074 00000751.ppm [rgb]
-1 1606235962.131414 00000752.ppm [rgb]
-1 1606235962.331680 00000753.ppm [rgb]
-1 1606235962.531807 00000754.ppm [rgb]
-1 1606235962.730895 00000755.ppm [rgb]
-1 1606235962.932345 00000756.ppm [rgb]
-1 1606235963.131879 00000757.ppm [rgb]
-1 1606235963.331358 00000758.ppm [rgb]
-1 1606235963.532859 00000759.ppm [rgb]
-1 1606235963.733105 00000760.ppm [rgb]
-1 1606235963.932996 00000761.ppm [rgb]
-1 1606235964.133899 00000762.ppm [rgb]
-1 1606235964.334664 00000763.ppm [rgb]
-1 1606235964.533392 00000764.ppm [rgb]
-1 1606235964.734658 00000765.ppm [rgb]
-1 1606235964.933486 00000766.ppm [rgb]
-1 1606235965.135833 00000767.ppm [rgb]
-1 1606235965.334247 00000768.ppm [rgb]
-1 1606235965.537039 00000769.ppm [rgb]
-1 1606235965.735481 00000770.ppm [rgb]
-1 1606235965.934613 00000771.ppm [rgb]
-1 1606235966.134894 00000772.ppm [rgb]
-1 1606235966.335896 00000773.ppm [rgb]
-1 1606235966.535608 00000774.ppm [rgb]
-1 1606235966.736793 00000775.ppm [rgb]
-1 1606235966.936453 00000776.ppm [rgb]
-1 1606235967.136746 00000777.ppm [rgb]
-1 1606235967.336171 00000778.ppm [rgb]
-1 1606235967.536355 00000779.ppm [rgb]
-1 1606235967.737083 00000780.ppm [rgb]
-1 1606235967.938411 00000781.ppm [rgb]
-1 1606235968.138414 00000782.ppm [rgb]
-1 1606235968.337723 00000783.ppm [rgb]
-1 1606235968.537749 00000784.ppm [rgb]
-1 1606235968.741568 00000785.ppm [rgb]
-1 1606235968.938970 00000786.ppm [rgb]
-1 1606235969.139592 00000787.ppm [rgb]
-1 1606235969.339210 00000788.ppm [rgb]
-1 1606235969.539939 00000789.ppm [rgb]
-1 1606235969.739948 00000790.ppm [rgb]
-1 1606235969.939460 00000791.ppm [rgb]
-1 1606235970.142665 00000792.ppm [rgb]
-1 1606235970.343420 00000793.ppm [rgb]
-1 1606235970.544762 00000794.ppm [rgb]
-1 1606235970.745544 00000795.ppm [rgb]
-1 1606235970.944607 00000796.ppm [rgb]
-1 1606235971.146002 00000797.ppm [rgb]
-1 1606235971.346786 00000798.ppm [rgb]
-1 1606235971.546878 00000799.ppm [rgb]
-1 1606235971.745870 00000800.ppm [rgb]
-1 1606235971.947391 00000801.ppm [rgb]
-1 1606235972.147119 00000802.ppm [rgb]
-1 1606235972.351455 00000803.ppm [rgb]
-1 1606235972.553220 00000804.ppm [rgb]
-1 1606235972.753231 00000805.ppm [rgb]
-1 1606235972.952679 00000806.ppm [rgb]
-1 1606235973.155656 00000807.ppm [rgb]
-1 1606235973.356189 00000808.ppm [rgb]
-1 1606235973.558669 00000809.ppm [rgb]
-1 1606235973.758586 00000810.ppm [rgb]
-1 1606235973.958130 00000811.ppm [rgb]
-1 1606235974.160594 00000812.ppm [rgb]
-1 1606235974.361442 00000813.ppm [rgb]
-1 1606235974.561007 00000814.ppm [rgb]
-1 1606235974.760668 00000815.ppm [rgb]
-1 1606235974.963619 00000816.ppm [rgb]
-1 1606235975.164985 00000817.ppm [rgb]
-1 1606235975.368955 00000818.ppm [rgb]
-1 1606235975.568257 00000819.ppm [rgb]
-1 1606235975.768781 00000820.ppm [rgb]
-1 1606235975.970041 00000821.ppm [rgb]
-1 1606235976.170820 00000822.ppm [rgb]
-1 1606235976.369652 00000823.ppm [rgb]
-1 1606235976.571467 00000824.ppm [rgb]
-1 1606235976.770282 00000825.ppm [rgb]
-1 1606235976.970240 00000826.ppm [rgb]
-1 1606235977.171219 00000827.ppm [rgb]
-1 1606235977.371914 00000828.ppm [rgb]
-1 1606235977.570834 00000829.ppm [rgb]
-1 1606235977.772747 00000830.ppm [rgb]
-1 1606235977.972260 00000831.ppm [rgb]
-1 1606235978.171663 00000832.ppm [rgb]
-1 1606235978.372495 00000833.ppm [rgb]
-1 1606235978.572785 00000834.ppm [rgb]
-1 1606235978.774057 00000835.ppm [rgb]
-1 1606235978.973997 00000836.ppm [rgb]
-1 1606235979.174645 00000837.ppm [rgb]
-1 1606235979.375740 00000838.ppm [rgb]
-1 1606235979.574234 00000839.ppm [rgb]
-1 1606235979.774883 00000840.ppm [rgb]
-1 1606235979.975227 00000841.ppm [rgb]
-1 1606235980.175530 00000842.ppm [rgb]
-1 1606235980.376107 00000843.ppm [rgb]
-1 1606235980.576910 00000844.ppm [rgb]
-1 1606235980.778265 00000845.ppm [rgb]
-1 1606235980.978595 00000846.ppm [rgb]
-1 1606235981.177658 00000847.ppm [rgb]
-1 1606235981.377305 00000848.ppm [rgb]
-1 1606235981.577743 00000849.ppm [rgb]
-1 1606235981.777426 00000850.ppm [rgb]
-1 1606235981.980133 00000851.ppm [rgb]
-1 1606235982.177734 00000852.ppm [rgb]
-1 1606235982.378177 00000853.ppm [rgb]
-1 1606235982.580773 00000854.ppm [rgb]
-1 1606235982.781320 00000855.ppm [rgb]
-1 1606235982.981207 00000856.ppm [rgb]
-1 1606235983.187177 00000857.ppm [rgb]
-1 1606235983.387706 00000858.ppm [rgb]
-1 1606235983.588284 00000859.ppm [rgb]
-1 1606235983.792954 00000860.ppm [rgb]
-1 1606235983.993319 00000861.ppm [rgb]
-1 1606235984.193826 00000862.ppm [rgb]
-1 1606235984.394413 00000863.ppm [rgb]
-1 1606235984.594476 00000864.ppm [rgb]
-1 1606235984.794995 00000865.ppm [rgb]
-1 1606235984.995049 00000866.ppm [rgb]
-1 1606235985.195938 00000867.ppm [rgb]
-1 1606235985.395622 00000868.ppm [rgb]
-1 1606235985.595675 00000869.ppm [rgb]
-1 1606235985.796174 00000870.ppm [rgb]
-1 1606235985.996588 00000871.ppm [rgb]
-1 1606235986.197738 00000872.ppm [rgb]
-1 1606235986.397401 00000873.ppm [rgb]
-1 1606235986.597744 00000874.ppm [rgb]
-1 1606235986.798172 00000875.ppm [rgb]
-1 1606235986.998163 00000876.ppm [rgb]
-1 1606235987.198627 00000877.ppm [rgb]
-1 1606235987.398729 00000878.ppm [rgb]
-1 1606235987.598871 00000879.ppm [rgb]
-1 1606235987.799347 00000880.ppm [rgb]
-1 1606235988.000037 00000881.ppm [rgb]
