-1 1606411602.526292 00000000.ppm [rgb]
-1 1606411602.547172 00000001.ppm [rgb]
-1 1606411602.579967 00000002.ppm [rgb]
-1 1606411602.613918 00000003.ppm [rgb]
-1 1606411602.646907 00000004.ppm [rgb]
-1 1606411602.679887 00000005.ppm [rgb]
-1 1606411602.717876 00000006.ppm [rgb]
-1 1606411602.751707 00000007.ppm [rgb]
-1 1606411602.785083 00000008.ppm [rgb]
-1 1606411602.819190 00000009.ppm [rgb]
-1 1606411602.851245 00000010.ppm [rgb]
-1 1606411602.885217 00000011.ppm [rgb]
-1 1606411602.918114 00000012.ppm [rgb]
-1 1606411602.950861 00000013.ppm [rgb]
-1 1606411602.984046 00000014.ppm [rgb]
-1 1606411603.017846 00000015.ppm [rgb]
-1 1606411603.050952 00000016.ppm [rgb]
-1 1606411603.083847 00000017.ppm [rgb]
-1 1606411603.117463 00000018.ppm [rgb]
-1 1606411603.151033 00000019.ppm [rgb]
-1 1606411603.183826 00000020.ppm [rgb]
-1 1606411603.218005 00000021.ppm [rgb]
-1 1606411603.250459 00000022.ppm [rgb]
-1 1606411603.284218 00000023.ppm [rgb]
-1 1606411603.317804 00000024.ppm [rgb]
-1 1606411603.350904 00000025.ppm [rgb]
-1 1606411603.385370 00000026.ppm [rgb]
-1 1606411603.422009 00000027.ppm [rgb]
-1 1606411603.450735 00000028.ppm [rgb]
-1 1606411603.483406 00000029.ppm [rgb]
-1 1606411603.518890 00000030.ppm [rgb]
-1 1606411603.550695 00000031.ppm [rgb]
-1 1606411603.583921 00000032.ppm [rgb]
-1 1606411603.616498 00000033.ppm [rgb]
-1 1606411603.651281 00000034.ppm [rgb]
-1 1606411603.691992 00000035.ppm [rgb]
-1 1606411603.724568 00000036.ppm [rgb]
-1 1606411603.756812 00000037.ppm [rgb]
-1 1606411603.790979 00000038.ppm [rgb]
-1 1606411603.823676 00000039.ppm [rgb]
-1 1606411603.856582 00000040.ppm [rgb]
-1 1606411603.889266 00000041.ppm [rgb]
-1 1606411603.923192 00000042.ppm [rgb]
-1 1606411603.956110 00000043.ppm [rgb]
-1 1606411603.988454 00000044.ppm [rgb]
-1 1606411604.024336 00000045.ppm [rgb]
-1 1606411604.057792 00000046.ppm [rgb]
-1 1606411604.096200 00000047.ppm [rgb]
-1 1606411604.126416 00000048.ppm [rgb]
-1 1606411604.163429 00000049.ppm [rgb]
-1 1606411604.190863 00000050.ppm [rgb]
-1 1606411604.224003 00000051.ppm [rgb]
-1 1606411604.256490 00000052.ppm [rgb]
-1 1606411604.289464 00000053.ppm [rgb]
-1 1606411604.323074 00000054.ppm [rgb]
-1 1606411604.355954 00000055.ppm [rgb]
-1 1606411604.389621 00000056.ppm [rgb]
-1 1606411604.422161 00000057.ppm [rgb]
-1 1606411604.462217 00000058.ppm [rgb]
-1 1606411604.489538 00000059.ppm [rgb]
-1 1606411604.521981 00000060.ppm [rgb]
-1 1606411604.555044 00000061.ppm [rgb]
-1 1606411604.588466 00000062.ppm [rgb]
-1 1606411604.633035 00000063.ppm [rgb]
-1 1606411604.655059 00000064.ppm [rgb]
-1 1606411604.687141 00000065.ppm [rgb]
-1 1606411604.720829 00000066.ppm [rgb]
-1 1606411604.754222 00000067.ppm [rgb]
-1 1606411604.787234 00000068.ppm [rgb]
-1 1606411604.820094 00000069.ppm [rgb]
-1 1606411604.867519 00000070.ppm [rgb]
-1 1606411604.891706 00000071.ppm [rgb]
-1 1606411604.924649 00000072.ppm [rgb]
-1 1606411604.957661 00000073.ppm [rgb]
-1 1606411604.992407 00000074.ppm [rgb]
-1 1606411605.024926 00000075.ppm [rgb]
-1 1606411605.057590 00000076.ppm [rgb]
-1 1606411605.090916 00000077.ppm [rgb]
-1 1606411605.124419 00000078.ppm [rgb]
-1 1606411605.158154 00000079.ppm [rgb]
-1 1606411605.200774 00000080.ppm [rgb]
-1 1606411605.233497 00000081.ppm [rgb]
-1 1606411605.267575 00000082.ppm [rgb]
-1 1606411605.299940 00000083.ppm [rgb]
-1 1606411605.332407 00000084.ppm [rgb]
-1 1606411605.366809 00000085.ppm [rgb]
-1 1606411605.400872 00000086.ppm [rgb]
-1 1606411605.434337 00000087.ppm [rgb]
-1 1606411605.466905 00000088.ppm [rgb]
-1 1606411605.499340 00000089.ppm [rgb]
-1 1606411605.533194 00000090.ppm [rgb]
-1 1606411605.574386 00000091.ppm [rgb]
-1 1606411605.601849 00000092.ppm [rgb]
-1 1606411605.633670 00000093.ppm [rgb]
-1 1606411605.671870 00000094.ppm [rgb]
-1 1606411605.704964 00000095.ppm [rgb]
-1 1606411605.738492 00000096.ppm [rgb]
-1 1606411605.774504 00000097.ppm [rgb]
-1 1606411605.807523 00000098.ppm [rgb]
-1 1606411605.841339 00000099.ppm [rgb]
-1 1606411605.874430 00000100.ppm [rgb]
-1 1606411605.907084 00000101.ppm [rgb]
-1 1606411605.940712 00000102.ppm [rgb]
-1 1606411605.975919 00000103.ppm [rgb]
-1 1606411606.007854 00000104.ppm [rgb]
-1 1606411606.041296 00000105.ppm [rgb]
-1 1606411606.074034 00000106.ppm [rgb]
-1 1606411606.107607 00000107.ppm [rgb]
-1 1606411606.143799 00000108.ppm [rgb]
-1 1606411606.174399 00000109.ppm [rgb]
-1 1606411606.207529 00000110.ppm [rgb]
-1 1606411606.240378 00000111.ppm [rgb]
-1 1606411606.274431 00000112.ppm [rgb]
-1 1606411606.307223 00000113.ppm [rgb]
-1 1606411606.340347 00000114.ppm [rgb]
-1 1606411606.384597 00000115.ppm [rgb]
-1 1606411606.416895 00000116.ppm [rgb]
-1 1606411606.450182 00000117.ppm [rgb]
-1 1606411606.483687 00000118.ppm [rgb]
-1 1606411606.531691 00000119.ppm [rgb]
-1 1606411606.548888 00000120.ppm [rgb]
-1 1606411606.582282 00000121.ppm [rgb]
-1 1606411606.619748 00000122.ppm [rgb]
-1 1606411606.651735 00000123.ppm [rgb]
-1 1606411606.685402 00000124.ppm [rgb]
-1 1606411606.719368 00000125.ppm [rgb]
-1 1606411606.752383 00000126.ppm [rgb]
-1 1606411606.784720 00000127.ppm [rgb]
-1 1606411606.819516 00000128.ppm [rgb]
-1 1606411606.851348 00000129.ppm [rgb]
-1 1606411606.886777 00000130.ppm [rgb]
-1 1606411606.918518 00000131.ppm [rgb]
-1 1606411606.950731 00000132.ppm [rgb]
-1 1606411606.984472 00000133.ppm [rgb]
-1 1606411607.021785 00000134.ppm [rgb]
-1 1606411607.052409 00000135.ppm [rgb]
-1 1606411607.084469 00000136.ppm [rgb]
-1 1606411607.119323 00000137.ppm [rgb]
-1 1606411607.151908 00000138.ppm [rgb]
-1 1606411607.187155 00000139.ppm [rgb]
-1 1606411607.220097 00000140.ppm [rgb]
-1 1606411607.257373 00000141.ppm [rgb]
-1 1606411607.290203 00000142.ppm [rgb]
-1 1606411607.321610 00000143.ppm [rgb]
-1 1606411607.355258 00000144.ppm [rgb]
-1 1606411607.404406 00000145.ppm [rgb]
-1 1606411607.424442 00000146.ppm [rgb]
-1 1606411607.458677 00000147.ppm [rgb]
-1 1606411607.492686 00000148.ppm [rgb]
-1 1606411607.525050 00000149.ppm [rgb]
-1 1606411607.557358 00000150.ppm [rgb]
-1 1606411607.590872 00000151.ppm [rgb]
-1 1606411607.623863 00000152.ppm [rgb]
-1 1606411607.657648 00000153.ppm [rgb]
-1 1606411607.690344 00000154.ppm [rgb]
-1 1606411607.727232 00000155.ppm [rgb]
-1 1606411607.760358 00000156.ppm [rgb]
-1 1606411607.793302 00000157.ppm [rgb]
-1 1606411607.827641 00000158.ppm [rgb]
-1 1606411607.860814 00000159.ppm [rgb]
-1 1606411607.892830 00000160.ppm [rgb]
-1 1606411607.925899 00000161.ppm [rgb]
-1 1606411607.959487 00000162.ppm [rgb]
-1 1606411607.993361 00000163.ppm [rgb]
-1 1606411608.038216 00000164.ppm [rgb]
-1 1606411608.076308 00000165.ppm [rgb]
-1 1606411608.109614 00000166.ppm [rgb]
-1 1606411608.142895 00000167.ppm [rgb]
-1 1606411608.176311 00000168.ppm [rgb]
-1 1606411608.219368 00000169.ppm [rgb]
-1 1606411608.263117 00000170.ppm [rgb]
-1 1606411608.307796 00000171.ppm [rgb]
-1 1606411608.344378 00000172.ppm [rgb]
-1 1606411608.381856 00000173.ppm [rgb]
-1 1606411608.414700 00000174.ppm [rgb]
-1 1606411608.448409 00000175.ppm [rgb]
-1 1606411608.482033 00000176.ppm [rgb]
-1 1606411608.515401 00000177.ppm [rgb]
-1 1606411608.548911 00000178.ppm [rgb]
-1 1606411608.581702 00000179.ppm [rgb]
-1 1606411608.615113 00000180.ppm [rgb]
-1 1606411608.648423 00000181.ppm [rgb]
-1 1606411608.681742 00000182.ppm [rgb]
-1 1606411608.715000 00000183.ppm [rgb]
-1 1606411608.748266 00000184.ppm [rgb]
-1 1606411608.781776 00000185.ppm [rgb]
-1 1606411608.814436 00000186.ppm [rgb]
-1 1606411608.847974 00000187.ppm [rgb]
-1 1606411608.881381 00000188.ppm [rgb]
-1 1606411608.914474 00000189.ppm [rgb]
-1 1606411608.948461 00000190.ppm [rgb]
-1 1606411608.980949 00000191.ppm [rgb]
-1 1606411609.014232 00000192.ppm [rgb]
-1 1606411609.047230 00000193.ppm [rgb]
-1 1606411609.080699 00000194.ppm [rgb]
-1 1606411609.113459 00000195.ppm [rgb]
-1 1606411609.146492 00000196.ppm [rgb]
-1 1606411609.179595 00000197.ppm [rgb]
-1 1606411609.212742 00000198.ppm [rgb]
-1 1606411609.245992 00000199.ppm [rgb]
-1 1606411609.279471 00000200.ppm [rgb]
-1 1606411609.312051 00000201.ppm [rgb]
-1 1606411609.345206 00000202.ppm [rgb]
-1 1606411609.378153 00000203.ppm [rgb]
-1 1606411609.411288 00000204.ppm [rgb]
-1 1606411609.445276 00000205.ppm [rgb]
-1 1606411609.477700 00000206.ppm [rgb]
-1 1606411609.511067 00000207.ppm [rgb]
-1 1606411609.544089 00000208.ppm [rgb]
-1 1606411609.577240 00000209.ppm [rgb]
-1 1606411609.610357 00000210.ppm [rgb]
-1 1606411609.643468 00000211.ppm [rgb]
-1 1606411609.676906 00000212.ppm [rgb]
-1 1606411609.709994 00000213.ppm [rgb]
-1 1606411609.743373 00000214.ppm [rgb]
-1 1606411609.776486 00000215.ppm [rgb]
-1 1606411609.809925 00000216.ppm [rgb]
-1 1606411609.843447 00000217.ppm [rgb]
-1 1606411609.876438 00000218.ppm [rgb]
-1 1606411609.910134 00000219.ppm [rgb]
-1 1606411609.943033 00000220.ppm [rgb]
-1 1606411609.976123 00000221.ppm [rgb]
-1 1606411610.008936 00000222.ppm [rgb]
-1 1606411610.045895 00000223.ppm [rgb]
-1 1606411610.078964 00000224.ppm [rgb]
-1 1606411610.112027 00000225.ppm [rgb]
-1 1606411610.145494 00000226.ppm [rgb]
-1 1606411610.178776 00000227.ppm [rgb]
-1 1606411610.212011 00000228.ppm [rgb]
-1 1606411610.245256 00000229.ppm [rgb]
-1 1606411610.278249 00000230.ppm [rgb]
-1 1606411610.313244 00000231.ppm [rgb]
-1 1606411610.344182 00000232.ppm [rgb]
-1 1606411610.379318 00000233.ppm [rgb]
-1 1606411610.416069 00000234.ppm [rgb]
-1 1606411610.446275 00000235.ppm [rgb]
-1 1606411610.479390 00000236.ppm [rgb]
-1 1606411610.513214 00000237.ppm [rgb]
-1 1606411610.945897 00000238.ppm [rgb]
-1 1606411610.948004 00000239.ppm [rgb]
-1 1606411610.948294 00000240.ppm [rgb]
-1 1606411610.950994 00000241.ppm [rgb]
-1 1606411610.951259 00000242.ppm [rgb]
-1 1606411610.951507 00000243.ppm [rgb]
-1 1606411610.955779 00000244.ppm [rgb]
-1 1606411610.956029 00000245.ppm [rgb]
-1 1606411610.981383 00000246.ppm [rgb]
-1 1606411611.013789 00000247.ppm [rgb]
-1 1606411611.047893 00000248.ppm [rgb]
-1 1606411611.083019 00000249.ppm [rgb]
-1 1606411611.114694 00000250.ppm [rgb]
-1 1606411611.152844 00000251.ppm [rgb]
-1 1606411611.183512 00000252.ppm [rgb]
-1 1606411611.219798 00000253.ppm [rgb]
-1 1606411611.248567 00000254.ppm [rgb]
-1 1606411611.282661 00000255.ppm [rgb]
-1 1606411611.315246 00000256.ppm [rgb]
-1 1606411611.347627 00000257.ppm [rgb]
-1 1606411611.381124 00000258.ppm [rgb]
-1 1606411611.414793 00000259.ppm [rgb]
-1 1606411611.448767 00000260.ppm [rgb]
-1 1606411611.483104 00000261.ppm [rgb]
-1 1606411611.513397 00000262.ppm [rgb]
-1 1606411611.548101 00000263.ppm [rgb]
-1 1606411611.580923 00000264.ppm [rgb]
-1 1606411611.614022 00000265.ppm [rgb]
-1 1606411611.649441 00000266.ppm [rgb]
-1 1606411611.680692 00000267.ppm [rgb]
-1 1606411611.714500 00000268.ppm [rgb]
-1 1606411611.748314 00000269.ppm [rgb]
-1 1606411611.782678 00000270.ppm [rgb]
-1 1606411611.814637 00000271.ppm [rgb]
-1 1606411611.847497 00000272.ppm [rgb]
-1 1606411611.881076 00000273.ppm [rgb]
-1 1606411611.914628 00000274.ppm [rgb]
-1 1606411611.947168 00000275.ppm [rgb]
-1 1606411611.980440 00000276.ppm [rgb]
-1 1606411612.019362 00000277.ppm [rgb]
-1 1606411612.049426 00000278.ppm [rgb]
-1 1606411612.081441 00000279.ppm [rgb]
-1 1606411612.117380 00000280.ppm [rgb]
-1 1606411612.148020 00000281.ppm [rgb]
-1 1606411612.181507 00000282.ppm [rgb]
-1 1606411612.213449 00000283.ppm [rgb]
-1 1606411612.262182 00000284.ppm [rgb]
-1 1606411612.282119 00000285.ppm [rgb]
-1 1606411612.314893 00000286.ppm [rgb]
-1 1606411612.351181 00000287.ppm [rgb]
-1 1606411612.381553 00000288.ppm [rgb]
-1 1606411612.415308 00000289.ppm [rgb]
-1 1606411612.448968 00000290.ppm [rgb]
-1 1606411612.482713 00000291.ppm [rgb]
-1 1606411612.515355 00000292.ppm [rgb]
-1 1606411612.547760 00000293.ppm [rgb]
-1 1606411612.581450 00000294.ppm [rgb]
-1 1606411612.614601 00000295.ppm [rgb]
-1 1606411612.646602 00000296.ppm [rgb]
-1 1606411612.683229 00000297.ppm [rgb]
-1 1606411612.714153 00000298.ppm [rgb]
-1 1606411612.746984 00000299.ppm [rgb]
-1 1606411612.780430 00000300.ppm [rgb]
-1 1606411612.813859 00000301.ppm [rgb]
-1 1606411612.848056 00000302.ppm [rgb]
-1 1606411612.880504 00000303.ppm [rgb]
-1 1606411612.914277 00000304.ppm [rgb]
-1 1606411612.947240 00000305.ppm [rgb]
-1 1606411612.980785 00000306.ppm [rgb]
-1 1606411613.014376 00000307.ppm [rgb]
-1 1606411613.047422 00000308.ppm [rgb]
-1 1606411613.080972 00000309.ppm [rgb]
-1 1606411613.116191 00000310.ppm [rgb]
-1 1606411613.148188 00000311.ppm [rgb]
-1 1606411613.181184 00000312.ppm [rgb]
-1 1606411613.214738 00000313.ppm [rgb]
-1 1606411613.247583 00000314.ppm [rgb]
-1 1606411613.284032 00000315.ppm [rgb]
-1 1606411613.316744 00000316.ppm [rgb]
-1 1606411613.349876 00000317.ppm [rgb]
-1 1606411613.381343 00000318.ppm [rgb]
-1 1606411613.414546 00000319.ppm [rgb]
-1 1606411613.447611 00000320.ppm [rgb]
-1 1606411613.481634 00000321.ppm [rgb]
-1 1606411613.514331 00000322.ppm [rgb]
-1 1606411613.548448 00000323.ppm [rgb]
-1 1606411613.583197 00000324.ppm [rgb]
-1 1606411613.615343 00000325.ppm [rgb]
-1 1606411613.648998 00000326.ppm [rgb]
-1 1606411613.682302 00000327.ppm [rgb]
-1 1606411613.715879 00000328.ppm [rgb]
-1 1606411613.749807 00000329.ppm [rgb]
-1 1606411613.783370 00000330.ppm [rgb]
-1 1606411613.817126 00000331.ppm [rgb]
-1 1606411613.849747 00000332.ppm [rgb]
-1 1606411613.883284 00000333.ppm [rgb]
-1 1606411613.917179 00000334.ppm [rgb]
-1 1606411613.950308 00000335.ppm [rgb]
-1 1606411613.983757 00000336.ppm [rgb]
-1 1606411614.016592 00000337.ppm [rgb]
-1 1606411614.049911 00000338.ppm [rgb]
-1 1606411614.083231 00000339.ppm [rgb]
-1 1606411614.116565 00000340.ppm [rgb]
-1 1606411614.150175 00000341.ppm [rgb]
-1 1606411614.183033 00000342.ppm [rgb]
-1 1606411614.215912 00000343.ppm [rgb]
-1 1606411614.249430 00000344.ppm [rgb]
-1 1606411614.282430 00000345.ppm [rgb]
-1 1606411614.316794 00000346.ppm [rgb]
-1 1606411614.349610 00000347.ppm [rgb]
-1 1606411614.382651 00000348.ppm [rgb]
-1 1606411614.415773 00000349.ppm [rgb]
-1 1606411614.449407 00000350.ppm [rgb]
-1 1606411614.482958 00000351.ppm [rgb]
-1 1606411614.522577 00000352.ppm [rgb]
-1 1606411614.557309 00000353.ppm [rgb]
-1 1606411614.591405 00000354.ppm [rgb]
-1 1606411614.622651 00000355.ppm [rgb]
-1 1606411614.656241 00000356.ppm [rgb]
-1 1606411614.691313 00000357.ppm [rgb]
-1 1606411614.722047 00000358.ppm [rgb]
-1 1606411614.757981 00000359.ppm [rgb]
-1 1606411614.794741 00000360.ppm [rgb]
-1 1606411614.824322 00000361.ppm [rgb]
-1 1606411614.857067 00000362.ppm [rgb]
-1 1606411614.890686 00000363.ppm [rgb]
-1 1606411614.925372 00000364.ppm [rgb]
-1 1606411614.957977 00000365.ppm [rgb]
-1 1606411615.003165 00000366.ppm [rgb]
-1 1606411615.026326 00000367.ppm [rgb]
-1 1606411615.070786 00000368.ppm [rgb]
-1 1606411615.106210 00000369.ppm [rgb]
-1 1606411615.130110 00000370.ppm [rgb]
-1 1606411615.163890 00000371.ppm [rgb]
-1 1606411615.195075 00000372.ppm [rgb]
-1 1606411615.230143 00000373.ppm [rgb]
-1 1606411615.262460 00000374.ppm [rgb]
-1 1606411615.295147 00000375.ppm [rgb]
-1 1606411615.331322 00000376.ppm [rgb]
-1 1606411615.361955 00000377.ppm [rgb]
-1 1606411615.398813 00000378.ppm [rgb]
-1 1606411615.430570 00000379.ppm [rgb]
-1 1606411615.464035 00000380.ppm [rgb]
-1 1606411615.496595 00000381.ppm [rgb]
-1 1606411615.540061 00000382.ppm [rgb]
-1 1606411615.573370 00000383.ppm [rgb]
-1 1606411615.605890 00000384.ppm [rgb]
-1 1606411615.639395 00000385.ppm [rgb]
-1 1606411615.673151 00000386.ppm [rgb]
-1 1606411615.706310 00000387.ppm [rgb]
-1 1606411615.739344 00000388.ppm [rgb]
-1 1606411615.772394 00000389.ppm [rgb]
-1 1606411615.806648 00000390.ppm [rgb]
-1 1606411615.840094 00000391.ppm [rgb]
-1 1606411615.872365 00000392.ppm [rgb]
-1 1606411615.905715 00000393.ppm [rgb]
-1 1606411615.939168 00000394.ppm [rgb]
-1 1606411615.973110 00000395.ppm [rgb]
-1 1606411616.005709 00000396.ppm [rgb]
-1 1606411616.038929 00000397.ppm [rgb]
-1 1606411616.071934 00000398.ppm [rgb]
-1 1606411616.105791 00000399.ppm [rgb]
-1 1606411616.138296 00000400.ppm [rgb]
-1 1606411616.180101 00000401.ppm [rgb]
-1 1606411616.213975 00000402.ppm [rgb]
-1 1606411616.246807 00000403.ppm [rgb]
-1 1606411616.281189 00000404.ppm [rgb]
-1 1606411616.314012 00000405.ppm [rgb]
-1 1606411616.346906 00000406.ppm [rgb]
-1 1606411616.379572 00000407.ppm [rgb]
-1 1606411616.413069 00000408.ppm [rgb]
-1 1606411616.446016 00000409.ppm [rgb]
-1 1606411616.479466 00000410.ppm [rgb]
-1 1606411616.512382 00000411.ppm [rgb]
-1 1606411616.545476 00000412.ppm [rgb]
-1 1606411616.579315 00000413.ppm [rgb]
-1 1606411616.612384 00000414.ppm [rgb]
-1 1606411616.645122 00000415.ppm [rgb]
-1 1606411616.677920 00000416.ppm [rgb]
-1 1606411616.711350 00000417.ppm [rgb]
-1 1606411616.744319 00000418.ppm [rgb]
-1 1606411616.777067 00000419.ppm [rgb]
-1 1606411616.810353 00000420.ppm [rgb]
-1 1606411616.843950 00000421.ppm [rgb]
-1 1606411616.876851 00000422.ppm [rgb]
-1 1606411616.909442 00000423.ppm [rgb]
-1 1606411616.942755 00000424.ppm [rgb]
-1 1606411616.976126 00000425.ppm [rgb]
-1 1606411617.009296 00000426.ppm [rgb]
-1 1606411617.042007 00000427.ppm [rgb]
-1 1606411617.075120 00000428.ppm [rgb]
-1 1606411617.109052 00000429.ppm [rgb]
-1 1606411617.142059 00000430.ppm [rgb]
-1 1606411617.175039 00000431.ppm [rgb]
-1 1606411617.208358 00000432.ppm [rgb]
-1 1606411617.241412 00000433.ppm [rgb]
-1 1606411617.275328 00000434.ppm [rgb]
-1 1606411617.307584 00000435.ppm [rgb]
-1 1606411617.340786 00000436.ppm [rgb]
-1 1606411617.374598 00000437.ppm [rgb]
-1 1606411617.415584 00000438.ppm [rgb]
-1 1606411617.446157 00000439.ppm [rgb]
-1 1606411617.479546 00000440.ppm [rgb]
-1 1606411617.512650 00000441.ppm [rgb]
-1 1606411617.547817 00000442.ppm [rgb]
-1 1606411617.585355 00000443.ppm [rgb]
-1 1606411617.612759 00000444.ppm [rgb]
-1 1606411617.645780 00000445.ppm [rgb]
-1 1606411617.681238 00000446.ppm [rgb]
-1 1606411617.715666 00000447.ppm [rgb]
-1 1606411617.745477 00000448.ppm [rgb]
-1 1606411617.779443 00000449.ppm [rgb]
-1 1606411617.812094 00000450.ppm [rgb]
-1 1606411617.845030 00000451.ppm [rgb]
-1 1606411617.878673 00000452.ppm [rgb]
-1 1606411617.911880 00000453.ppm [rgb]
-1 1606411617.945048 00000454.ppm [rgb]
-1 1606411617.977697 00000455.ppm [rgb]
-1 1606411618.012982 00000456.ppm [rgb]
-1 1606411618.051455 00000457.ppm [rgb]
-1 1606411618.080471 00000458.ppm [rgb]
-1 1606411618.114052 00000459.ppm [rgb]
-1 1606411618.146863 00000460.ppm [rgb]
-1 1606411618.179929 00000461.ppm [rgb]
-1 1606411618.212979 00000462.ppm [rgb]
-1 1606411618.246686 00000463.ppm [rgb]
-1 1606411618.286096 00000464.ppm [rgb]
-1 1606411618.314962 00000465.ppm [rgb]
-1 1606411618.347837 00000466.ppm [rgb]
-1 1606411618.380979 00000467.ppm [rgb]
-1 1606411618.413929 00000468.ppm [rgb]
-1 1606411618.447645 00000469.ppm [rgb]
-1 1606411618.480478 00000470.ppm [rgb]
-1 1606411618.513257 00000471.ppm [rgb]
-1 1606411618.546422 00000472.ppm [rgb]
-1 1606411618.579642 00000473.ppm [rgb]
-1 1606411618.612323 00000474.ppm [rgb]
-1 1606411618.645844 00000475.ppm [rgb]
-1 1606411618.679429 00000476.ppm [rgb]
-1 1606411618.712152 00000477.ppm [rgb]
-1 1606411618.744671 00000478.ppm [rgb]
-1 1606411618.778613 00000479.ppm [rgb]
-1 1606411618.811319 00000480.ppm [rgb]
-1 1606411618.844225 00000481.ppm [rgb]
-1 1606411618.877199 00000482.ppm [rgb]
-1 1606411618.910742 00000483.ppm [rgb]
-1 1606411618.943722 00000484.ppm [rgb]
-1 1606411618.976312 00000485.ppm [rgb]
-1 1606411619.009653 00000486.ppm [rgb]
-1 1606411619.043119 00000487.ppm [rgb]
-1 1606411619.076138 00000488.ppm [rgb]
-1 1606411619.108679 00000489.ppm [rgb]
-1 1606411619.142598 00000490.ppm [rgb]
-1 1606411619.174871 00000491.ppm [rgb]
-1 1606411619.208418 00000492.ppm [rgb]
-1 1606411619.241543 00000493.ppm [rgb]
-1 1606411619.274525 00000494.ppm [rgb]
-1 1606411619.307371 00000495.ppm [rgb]
-1 1606411619.345414 00000496.ppm [rgb]
-1 1606411619.374280 00000497.ppm [rgb]
-1 1606411619.407102 00000498.ppm [rgb]
-1 1606411619.440088 00000499.ppm [rgb]
-1 1606411619.473238 00000500.ppm [rgb]
-1 1606411619.507246 00000501.ppm [rgb]
-1 1606411619.540034 00000502.ppm [rgb]
-1 1606411619.574419 00000503.ppm [rgb]
-1 1606411619.607638 00000504.ppm [rgb]
-1 1606411619.640530 00000505.ppm [rgb]
-1 1606411619.675058 00000506.ppm [rgb]
-1 1606411619.708477 00000507.ppm [rgb]
-1 1606411619.741117 00000508.ppm [rgb]
-1 1606411619.774111 00000509.ppm [rgb]
-1 1606411619.807413 00000510.ppm [rgb]
-1 1606411619.841186 00000511.ppm [rgb]
-1 1606411619.874129 00000512.ppm [rgb]
-1 1606411619.907324 00000513.ppm [rgb]
-1 1606411619.940122 00000514.ppm [rgb]
-1 1606411619.973386 00000515.ppm [rgb]
-1 1606411620.005813 00000516.ppm [rgb]
-1 1606411620.039602 00000517.ppm [rgb]
-1 1606411620.072612 00000518.ppm [rgb]
-1 1606411620.105108 00000519.ppm [rgb]
-1 1606411620.138479 00000520.ppm [rgb]
-1 1606411620.172454 00000521.ppm [rgb]
-1 1606411620.205513 00000522.ppm [rgb]
-1 1606411620.238742 00000523.ppm [rgb]
-1 1606411620.274842 00000524.ppm [rgb]
-1 1606411620.307104 00000525.ppm [rgb]
-1 1606411620.340452 00000526.ppm [rgb]
-1 1606411620.373271 00000527.ppm [rgb]
-1 1606411620.406360 00000528.ppm [rgb]
-1 1606411620.438933 00000529.ppm [rgb]
-1 1606411620.472645 00000530.ppm [rgb]
-1 1606411620.506463 00000531.ppm [rgb]
-1 1606411620.539562 00000532.ppm [rgb]
-1 1606411620.572960 00000533.ppm [rgb]
-1 1606411620.605707 00000534.ppm [rgb]
-1 1606411620.638994 00000535.ppm [rgb]
-1 1606411620.671813 00000536.ppm [rgb]
-1 1606411620.705333 00000537.ppm [rgb]
-1 1606411620.738992 00000538.ppm [rgb]
-1 1606411620.772640 00000539.ppm [rgb]
-1 1606411620.804550 00000540.ppm [rgb]
-1 1606411620.840114 00000541.ppm [rgb]
-1 1606411620.870970 00000542.ppm [rgb]
-1 1606411620.904464 00000543.ppm [rgb]
-1 1606411620.937402 00000544.ppm [rgb]
-1 1606411620.970543 00000545.ppm [rgb]
-1 1606411621.003297 00000546.ppm [rgb]
-1 1606411621.036671 00000547.ppm [rgb]
-1 1606411621.070112 00000548.ppm [rgb]
-1 1606411621.103255 00000549.ppm [rgb]
-1 1606411621.136637 00000550.ppm [rgb]
-1 1606411621.169750 00000551.ppm [rgb]
-1 1606411621.202631 00000552.ppm [rgb]
-1 1606411621.235802 00000553.ppm [rgb]
-1 1606411621.274057 00000554.ppm [rgb]
-1 1606411621.307341 00000555.ppm [rgb]
-1 1606411621.340434 00000556.ppm [rgb]
-1 1606411621.373733 00000557.ppm [rgb]
-1 1606411621.407085 00000558.ppm [rgb]
-1 1606411621.440365 00000559.ppm [rgb]
-1 1606411621.473449 00000560.ppm [rgb]
-1 1606411621.506529 00000561.ppm [rgb]
-1 1606411621.540509 00000562.ppm [rgb]
-1 1606411621.573709 00000563.ppm [rgb]
-1 1606411621.606113 00000564.ppm [rgb]
-1 1606411621.639973 00000565.ppm [rgb]
-1 1606411621.672553 00000566.ppm [rgb]
-1 1606411621.705636 00000567.ppm [rgb]
-1 1606411621.738792 00000568.ppm [rgb]
-1 1606411621.771897 00000569.ppm [rgb]
-1 1606411621.805899 00000570.ppm [rgb]
-1 1606411621.838585 00000571.ppm [rgb]
-1 1606411621.872024 00000572.ppm [rgb]
-1 1606411621.904212 00000573.ppm [rgb]
-1 1606411621.937865 00000574.ppm [rgb]
-1 1606411621.971393 00000575.ppm [rgb]
-1 1606411622.003748 00000576.ppm [rgb]
-1 1606411622.038482 00000577.ppm [rgb]
-1 1606411622.071043 00000578.ppm [rgb]
-1 1606411622.103796 00000579.ppm [rgb]
-1 1606411622.138234 00000580.ppm [rgb]
-1 1606411622.183312 00000581.ppm [rgb]
-1 1606411622.204666 00000582.ppm [rgb]
-1 1606411622.243021 00000583.ppm [rgb]
-1 1606411622.277269 00000584.ppm [rgb]
-1 1606411622.309954 00000585.ppm [rgb]
-1 1606411622.343746 00000586.ppm [rgb]
-1 1606411622.376782 00000587.ppm [rgb]
-1 1606411622.410438 00000588.ppm [rgb]
-1 1606411622.444155 00000589.ppm [rgb]
-1 1606411622.477347 00000590.ppm [rgb]
-1 1606411622.510731 00000591.ppm [rgb]
-1 1606411622.545591 00000592.ppm [rgb]
-1 1606411622.579299 00000593.ppm [rgb]
-1 1606411622.612406 00000594.ppm [rgb]
-1 1606411622.647511 00000595.ppm [rgb]
-1 1606411622.682521 00000596.ppm [rgb]
-1 1606411622.719952 00000597.ppm [rgb]
-1 1606411622.753603 00000598.ppm [rgb]
-1 1606411622.786660 00000599.ppm [rgb]
-1 1606411622.819256 00000600.ppm [rgb]
-1 1606411622.852475 00000601.ppm [rgb]
-1 1606411622.886467 00000602.ppm [rgb]
-1 1606411622.919437 00000603.ppm [rgb]
-1 1606411622.952101 00000604.ppm [rgb]
-1 1606411622.986454 00000605.ppm [rgb]
-1 1606411623.019243 00000606.ppm [rgb]
-1 1606411623.052765 00000607.ppm [rgb]
-1 1606411623.086214 00000608.ppm [rgb]
-1 1606411623.119179 00000609.ppm [rgb]
-1 1606411623.152497 00000610.ppm [rgb]
-1 1606411623.185823 00000611.ppm [rgb]
-1 1606411623.218919 00000612.ppm [rgb]
-1 1606411623.251581 00000613.ppm [rgb]
-1 1606411623.285133 00000614.ppm [rgb]
-1 1606411623.318093 00000615.ppm [rgb]
-1 1606411623.351025 00000616.ppm [rgb]
-1 1606411623.384559 00000617.ppm [rgb]
-1 1606411623.417609 00000618.ppm [rgb]
-1 1606411623.450130 00000619.ppm [rgb]
-1 1606411623.484243 00000620.ppm [rgb]
-1 1606411623.516821 00000621.ppm [rgb]
-1 1606411623.549807 00000622.ppm [rgb]
-1 1606411623.582898 00000623.ppm [rgb]
-1 1606411623.616536 00000624.ppm [rgb]
-1 1606411623.648985 00000625.ppm [rgb]
-1 1606411623.682662 00000626.ppm [rgb]
-1 1606411623.715979 00000627.ppm [rgb]
-1 1606411623.749426 00000628.ppm [rgb]
-1 1606411623.782681 00000629.ppm [rgb]
-1 1606411623.815762 00000630.ppm [rgb]
-1 1606411623.849277 00000631.ppm [rgb]
-1 1606411623.882654 00000632.ppm [rgb]
-1 1606411623.915661 00000633.ppm [rgb]
-1 1606411623.948150 00000634.ppm [rgb]
-1 1606411623.981505 00000635.ppm [rgb]
-1 1606411624.015063 00000636.ppm [rgb]
-1 1606411624.048464 00000637.ppm [rgb]
-1 1606411624.081783 00000638.ppm [rgb]
-1 1606411624.114844 00000639.ppm [rgb]
-1 1606411624.148995 00000640.ppm [rgb]
-1 1606411624.181828 00000641.ppm [rgb]
-1 1606411624.215733 00000642.ppm [rgb]
-1 1606411624.249142 00000643.ppm [rgb]
-1 1606411624.286220 00000644.ppm [rgb]
-1 1606411624.316989 00000645.ppm [rgb]
-1 1606411624.349406 00000646.ppm [rgb]
-1 1606411624.383218 00000647.ppm [rgb]
-1 1606411624.421724 00000648.ppm [rgb]
-1 1606411624.449380 00000649.ppm [rgb]
-1 1606411624.480750 00000650.ppm [rgb]
-1 1606411624.517570 00000651.ppm [rgb]
-1 1606411624.547331 00000652.ppm [rgb]
-1 1606411624.580603 00000653.ppm [rgb]
-1 1606411624.614254 00000654.ppm [rgb]
-1 1606411624.646971 00000655.ppm [rgb]
-1 1606411624.683063 00000656.ppm [rgb]
-1 1606411624.714773 00000657.ppm [rgb]
-1 1606411624.747706 00000658.ppm [rgb]
-1 1606411624.803948 00000659.ppm [rgb]
-1 1606411624.813931 00000660.ppm [rgb]
-1 1606411624.851829 00000661.ppm [rgb]
-1 1606411624.885932 00000662.ppm [rgb]
-1 1606411624.919669 00000663.ppm [rgb]
-1 1606411624.951899 00000664.ppm [rgb]
-1 1606411624.984549 00000665.ppm [rgb]
-1 1606411625.020707 00000666.ppm [rgb]
-1 1606411625.055444 00000667.ppm [rgb]
-1 1606411625.089810 00000668.ppm [rgb]
-1 1606411625.121626 00000669.ppm [rgb]
-1 1606411625.157567 00000670.ppm [rgb]
-1 1606411625.188499 00000671.ppm [rgb]
-1 1606411625.223053 00000672.ppm [rgb]
-1 1606411625.254588 00000673.ppm [rgb]
-1 1606411625.289888 00000674.ppm [rgb]
-1 1606411625.321629 00000675.ppm [rgb]
-1 1606411625.355380 00000676.ppm [rgb]
-1 1606411625.388340 00000677.ppm [rgb]
-1 1606411625.420681 00000678.ppm [rgb]
-1 1606411625.454106 00000679.ppm [rgb]
-1 1606411625.489294 00000680.ppm [rgb]
-1 1606411625.521805 00000681.ppm [rgb]
-1 1606411625.554918 00000682.ppm [rgb]
-1 1606411625.588549 00000683.ppm [rgb]
-1 1606411625.621511 00000684.ppm [rgb]
-1 1606411625.655882 00000685.ppm [rgb]
-1 1606411625.688904 00000686.ppm [rgb]
-1 1606411625.722338 00000687.ppm [rgb]
-1 1606411625.755392 00000688.ppm [rgb]
-1 1606411625.788810 00000689.ppm [rgb]
-1 1606411625.822142 00000690.ppm [rgb]
-1 1606411625.855323 00000691.ppm [rgb]
-1 1606411625.888792 00000692.ppm [rgb]
-1 1606411625.921767 00000693.ppm [rgb]
-1 1606411625.955411 00000694.ppm [rgb]
-1 1606411625.988752 00000695.ppm [rgb]
-1 1606411626.022305 00000696.ppm [rgb]
-1 1606411626.055492 00000697.ppm [rgb]
-1 1606411626.089580 00000698.ppm [rgb]
-1 1606411626.121740 00000699.ppm [rgb]
-1 1606411626.155207 00000700.ppm [rgb]
-1 1606411626.188657 00000701.ppm [rgb]
-1 1606411626.222067 00000702.ppm [rgb]
-1 1606411626.255250 00000703.ppm [rgb]
-1 1606411626.288386 00000704.ppm [rgb]
-1 1606411626.321602 00000705.ppm [rgb]
-1 1606411626.354749 00000706.ppm [rgb]
-1 1606411626.387681 00000707.ppm [rgb]
-1 1606411626.421553 00000708.ppm [rgb]
-1 1606411626.454661 00000709.ppm [rgb]
-1 1606411626.487478 00000710.ppm [rgb]
-1 1606411626.520567 00000711.ppm [rgb]
-1 1606411626.553660 00000712.ppm [rgb]
-1 1606411626.586799 00000713.ppm [rgb]
-1 1606411626.619795 00000714.ppm [rgb]
-1 1606411626.653033 00000715.ppm [rgb]
-1 1606411626.686222 00000716.ppm [rgb]
-1 1606411626.719131 00000717.ppm [rgb]
-1 1606411626.752309 00000718.ppm [rgb]
-1 1606411626.785577 00000719.ppm [rgb]
-1 1606411626.818566 00000720.ppm [rgb]
-1 1606411626.851798 00000721.ppm [rgb]
-1 1606411626.884870 00000722.ppm [rgb]
-1 1606411626.918573 00000723.ppm [rgb]
-1 1606411626.951951 00000724.ppm [rgb]
-1 1606411626.991408 00000725.ppm [rgb]
-1 1606411627.018065 00000726.ppm [rgb]
-1 1606411627.051905 00000727.ppm [rgb]
-1 1606411627.085963 00000728.ppm [rgb]
-1 1606411627.118762 00000729.ppm [rgb]
-1 1606411627.152201 00000730.ppm [rgb]
-1 1606411627.185545 00000731.ppm [rgb]
-1 1606411627.218438 00000732.ppm [rgb]
-1 1606411627.251506 00000733.ppm [rgb]
-1 1606411627.285137 00000734.ppm [rgb]
-1 1606411627.318258 00000735.ppm [rgb]
-1 1606411627.351327 00000736.ppm [rgb]
-1 1606411627.384490 00000737.ppm [rgb]
-1 1606411627.417789 00000738.ppm [rgb]
-1 1606411627.450734 00000739.ppm [rgb]
-1 1606411627.492952 00000740.ppm [rgb]
-1 1606411627.523751 00000741.ppm [rgb]
-1 1606411627.556731 00000742.ppm [rgb]
-1 1606411627.589332 00000743.ppm [rgb]
-1 1606411627.622828 00000744.ppm [rgb]
-1 1606411627.663649 00000745.ppm [rgb]
-1 1606411627.689889 00000746.ppm [rgb]
-1 1606411627.726246 00000747.ppm [rgb]
-1 1606411627.757385 00000748.ppm [rgb]
-1 1606411627.796267 00000749.ppm [rgb]
-1 1606411627.824165 00000750.ppm [rgb]
-1 1606411627.856716 00000751.ppm [rgb]
-1 1606411627.890913 00000752.ppm [rgb]
-1 1606411627.923069 00000753.ppm [rgb]
-1 1606411627.958596 00000754.ppm [rgb]
-1 1606411627.993974 00000755.ppm [rgb]
-1 1606411628.025613 00000756.ppm [rgb]
-1 1606411628.061257 00000757.ppm [rgb]
-1 1606411628.093169 00000758.ppm [rgb]
-1 1606411628.126091 00000759.ppm [rgb]
-1 1606411628.163501 00000760.ppm [rgb]
-1 1606411628.193471 00000761.ppm [rgb]
-1 1606411628.226502 00000762.ppm [rgb]
-1 1606411628.261080 00000763.ppm [rgb]
-1 1606411628.292500 00000764.ppm [rgb]
-1 1606411628.326626 00000765.ppm [rgb]
-1 1606411628.358900 00000766.ppm [rgb]
-1 1606411628.394580 00000767.ppm [rgb]
-1 1606411628.426444 00000768.ppm [rgb]
-1 1606411628.459341 00000769.ppm [rgb]
-1 1606411628.492097 00000770.ppm [rgb]
-1 1606411628.526387 00000771.ppm [rgb]
-1 1606411628.561388 00000772.ppm [rgb]
-1 1606411628.593836 00000773.ppm [rgb]
-1 1606411628.627616 00000774.ppm [rgb]
-1 1606411628.660574 00000775.ppm [rgb]
-1 1606411628.695690 00000776.ppm [rgb]
-1 1606411628.728779 00000777.ppm [rgb]
-1 1606411628.762630 00000778.ppm [rgb]
-1 1606411628.795741 00000779.ppm [rgb]
-1 1606411628.828740 00000780.ppm [rgb]
-1 1606411628.862756 00000781.ppm [rgb]
-1 1606411628.895441 00000782.ppm [rgb]
-1 1606411628.928506 00000783.ppm [rgb]
-1 1606411628.961657 00000784.ppm [rgb]
-1 1606411628.995192 00000785.ppm [rgb]
-1 1606411629.028484 00000786.ppm [rgb]
-1 1606411629.061995 00000787.ppm [rgb]
-1 1606411629.095437 00000788.ppm [rgb]
-1 1606411629.128423 00000789.ppm [rgb]
-1 1606411629.161564 00000790.ppm [rgb]
-1 1606411629.194884 00000791.ppm [rgb]
-1 1606411629.227821 00000792.ppm [rgb]
-1 1606411629.261320 00000793.ppm [rgb]
-1 1606411629.294873 00000794.ppm [rgb]
-1 1606411629.328264 00000795.ppm [rgb]
-1 1606411629.366986 00000796.ppm [rgb]
-1 1606411629.400217 00000797.ppm [rgb]
-1 1606411629.433553 00000798.ppm [rgb]
-1 1606411629.466879 00000799.ppm [rgb]
-1 1606411629.504343 00000800.ppm [rgb]
-1 1606411629.535716 00000801.ppm [rgb]
-1 1606411629.566237 00000802.ppm [rgb]
-1 1606411629.601033 00000803.ppm [rgb]
-1 1606411629.632801 00000804.ppm [rgb]
-1 1606411629.666280 00000805.ppm [rgb]
-1 1606411629.699584 00000806.ppm [rgb]
-1 1606411629.732513 00000807.ppm [rgb]
-1 1606411629.766165 00000808.ppm [rgb]
-1 1606411629.799295 00000809.ppm [rgb]
-1 1606411629.832303 00000810.ppm [rgb]
-1 1606411629.865277 00000811.ppm [rgb]
-1 1606411629.898487 00000812.ppm [rgb]
-1 1606411629.931347 00000813.ppm [rgb]
-1 1606411629.964692 00000814.ppm [rgb]
-1 1606411629.998108 00000815.ppm [rgb]
-1 1606411630.031710 00000816.ppm [rgb]
-1 1606411630.069945 00000817.ppm [rgb]
-1 1606411630.103348 00000818.ppm [rgb]
-1 1606411630.136975 00000819.ppm [rgb]
-1 1606411630.170281 00000820.ppm [rgb]
-1 1606411630.203131 00000821.ppm [rgb]
-1 1606411630.236243 00000822.ppm [rgb]
-1 1606411630.269282 00000823.ppm [rgb]
-1 1606411630.302548 00000824.ppm [rgb]
-1 1606411630.335414 00000825.ppm [rgb]
-1 1606411630.368623 00000826.ppm [rgb]
-1 1606411630.401985 00000827.ppm [rgb]
-1 1606411630.435265 00000828.ppm [rgb]
-1 1606411630.468383 00000829.ppm [rgb]
-1 1606411630.501431 00000830.ppm [rgb]
-1 1606411630.534691 00000831.ppm [rgb]
-1 1606411630.571673 00000832.ppm [rgb]
-1 1606411630.603776 00000833.ppm [rgb]
-1 1606411630.638334 00000834.ppm [rgb]
-1 1606411630.670902 00000835.ppm [rgb]
-1 1606411630.704102 00000836.ppm [rgb]
-1 1606411630.737043 00000837.ppm [rgb]
-1 1606411630.770122 00000838.ppm [rgb]
-1 1606411630.803247 00000839.ppm [rgb]
-1 1606411630.836665 00000840.ppm [rgb]
-1 1606411630.877314 00000841.ppm [rgb]
-1 1606411630.913430 00000842.ppm [rgb]
-1 1606411630.944098 00000843.ppm [rgb]
-1 1606411630.977472 00000844.ppm [rgb]
-1 1606411631.010524 00000845.ppm [rgb]
-1 1606411631.043841 00000846.ppm [rgb]
-1 1606411631.079448 00000847.ppm [rgb]
-1 1606411631.110334 00000848.ppm [rgb]
-1 1606411631.143563 00000849.ppm [rgb]
-1 1606411631.177629 00000850.ppm [rgb]
-1 1606411631.210783 00000851.ppm [rgb]
-1 1606411631.243970 00000852.ppm [rgb]
-1 1606411631.277550 00000853.ppm [rgb]
-1 1606411631.309912 00000854.ppm [rgb]
-1 1606411631.343043 00000855.ppm [rgb]
-1 1606411631.377016 00000856.ppm [rgb]
-1 1606411631.410274 00000857.ppm [rgb]
-1 1606411631.444671 00000858.ppm [rgb]
-1 1606411631.478266 00000859.ppm [rgb]
-1 1606411631.510842 00000860.ppm [rgb]
-1 1606411631.544227 00000861.ppm [rgb]
-1 1606411631.577521 00000862.ppm [rgb]
-1 1606411631.610434 00000863.ppm [rgb]
-1 1606411631.644395 00000864.ppm [rgb]
-1 1606411631.677515 00000865.ppm [rgb]
-1 1606411631.710738 00000866.ppm [rgb]
-1 1606411631.743606 00000867.ppm [rgb]
-1 1606411631.776872 00000868.ppm [rgb]
-1 1606411631.809924 00000869.ppm [rgb]
-1 1606411631.842966 00000870.ppm [rgb]
-1 1606411631.876612 00000871.ppm [rgb]
-1 1606411631.909266 00000872.ppm [rgb]
-1 1606411631.944879 00000873.ppm [rgb]
-1 1606411631.976650 00000874.ppm [rgb]
-1 1606411632.009706 00000875.ppm [rgb]
-1 1606411632.056262 00000876.ppm [rgb]
-1 1606411632.086251 00000877.ppm [rgb]
-1 1606411632.120279 00000878.ppm [rgb]
-1 1606411632.153104 00000879.ppm [rgb]
-1 1606411632.189257 00000880.ppm [rgb]
-1 1606411632.219579 00000881.ppm [rgb]
-1 1606411632.257505 00000882.ppm [rgb]
-1 1606411632.286571 00000883.ppm [rgb]
-1 1606411632.319309 00000884.ppm [rgb]
-1 1606411632.353167 00000885.ppm [rgb]
-1 1606411632.385588 00000886.ppm [rgb]
-1 1606411632.419298 00000887.ppm [rgb]
-1 1606411632.452723 00000888.ppm [rgb]
-1 1606411632.485683 00000889.ppm [rgb]
-1 1606411632.519323 00000890.ppm [rgb]
-1 1606411632.552500 00000891.ppm [rgb]
-1 1606411632.585869 00000892.ppm [rgb]
-1 1606411632.619067 00000893.ppm [rgb]
-1 1606411632.656120 00000894.ppm [rgb]
-1 1606411632.686531 00000895.ppm [rgb]
-1 1606411632.718771 00000896.ppm [rgb]
-1 1606411632.751846 00000897.ppm [rgb]
-1 1606411632.785802 00000898.ppm [rgb]
-1 1606411632.819114 00000899.ppm [rgb]
-1 1606411632.852423 00000900.ppm [rgb]
-1 1606411632.885499 00000901.ppm [rgb]
-1 1606411632.918642 00000902.ppm [rgb]
-1 1606411632.951800 00000903.ppm [rgb]
-1 1606411632.985323 00000904.ppm [rgb]
-1 1606411633.018462 00000905.ppm [rgb]
-1 1606411633.051546 00000906.ppm [rgb]
-1 1606411633.085253 00000907.ppm [rgb]
-1 1606411633.118373 00000908.ppm [rgb]
-1 1606411633.151552 00000909.ppm [rgb]
-1 1606411633.184341 00000910.ppm [rgb]
-1 1606411633.218639 00000911.ppm [rgb]
-1 1606411633.253290 00000912.ppm [rgb]
-1 1606411633.286221 00000913.ppm [rgb]
-1 1606411633.319540 00000914.ppm [rgb]
-1 1606411633.352874 00000915.ppm [rgb]
-1 1606411633.388038 00000916.ppm [rgb]
-1 1606411633.421540 00000917.ppm [rgb]
-1 1606411633.455334 00000918.ppm [rgb]
-1 1606411633.488965 00000919.ppm [rgb]
-1 1606411633.522513 00000920.ppm [rgb]
-1 1606411633.555892 00000921.ppm [rgb]
-1 1606411633.590242 00000922.ppm [rgb]
-1 1606411633.623683 00000923.ppm [rgb]
-1 1606411633.657131 00000924.ppm [rgb]
-1 1606411633.690526 00000925.ppm [rgb]
-1 1606411633.723517 00000926.ppm [rgb]
-1 1606411633.756706 00000927.ppm [rgb]
-1 1606411633.790068 00000928.ppm [rgb]
-1 1606411633.824063 00000929.ppm [rgb]
-1 1606411633.858600 00000930.ppm [rgb]
-1 1606411633.892686 00000931.ppm [rgb]
-1 1606411633.926076 00000932.ppm [rgb]
-1 1606411633.959698 00000933.ppm [rgb]
-1 1606411633.993147 00000934.ppm [rgb]
-1 1606411634.026297 00000935.ppm [rgb]
-1 1606411634.065998 00000936.ppm [rgb]
-1 1606411634.093046 00000937.ppm [rgb]
-1 1606411634.126188 00000938.ppm [rgb]
-1 1606411634.159214 00000939.ppm [rgb]
-1 1606411634.192363 00000940.ppm [rgb]
-1 1606411634.226970 00000941.ppm [rgb]
-1 1606411634.260313 00000942.ppm [rgb]
-1 1606411634.293758 00000943.ppm [rgb]
-1 1606411634.327085 00000944.ppm [rgb]
-1 1606411634.360199 00000945.ppm [rgb]
-1 1606411634.395773 00000946.ppm [rgb]
-1 1606411634.427169 00000947.ppm [rgb]
-1 1606411634.460633 00000948.ppm [rgb]
-1 1606411634.494604 00000949.ppm [rgb]
-1 1606411634.528121 00000950.ppm [rgb]
-1 1606411634.564369 00000951.ppm [rgb]
-1 1606411634.597825 00000952.ppm [rgb]
-1 1606411634.632540 00000953.ppm [rgb]
-1 1606411634.665789 00000954.ppm [rgb]
-1 1606411634.699134 00000955.ppm [rgb]
-1 1606411634.735056 00000956.ppm [rgb]
-1 1606411634.768083 00000957.ppm [rgb]
-1 1606411634.800870 00000958.ppm [rgb]
-1 1606411634.834099 00000959.ppm [rgb]
-1 1606411634.867188 00000960.ppm [rgb]
-1 1606411634.900796 00000961.ppm [rgb]
-1 1606411634.933928 00000962.ppm [rgb]
-1 1606411634.967226 00000963.ppm [rgb]
-1 1606411635.000127 00000964.ppm [rgb]
-1 1606411635.033959 00000965.ppm [rgb]
-1 1606411635.066682 00000966.ppm [rgb]
-1 1606411635.099947 00000967.ppm [rgb]
-1 1606411635.136256 00000968.ppm [rgb]
-1 1606411635.168817 00000969.ppm [rgb]
-1 1606411635.200976 00000970.ppm [rgb]
-1 1606411635.234341 00000971.ppm [rgb]
-1 1606411635.268023 00000972.ppm [rgb]
-1 1606411635.300920 00000973.ppm [rgb]
-1 1606411635.334796 00000974.ppm [rgb]
-1 1606411635.367620 00000975.ppm [rgb]
-1 1606411635.400961 00000976.ppm [rgb]
-1 1606411635.445098 00000977.ppm [rgb]
-1 1606411635.467103 00000978.ppm [rgb]
-1 1606411635.500458 00000979.ppm [rgb]
-1 1606411635.534027 00000980.ppm [rgb]
-1 1606411635.569188 00000981.ppm [rgb]
-1 1606411635.600123 00000982.ppm [rgb]
-1 1606411635.633273 00000983.ppm [rgb]
-1 1606411635.666397 00000984.ppm [rgb]
-1 1606411635.699712 00000985.ppm [rgb]
-1 1606411635.741838 00000986.ppm [rgb]
